<?xml version="1.0" encoding="UTF-8"?>
<coverage generated="1775301062086" clover="3.2.0">
  <project timestamp="1775301062087" name="All files">
    <metrics statements="445" coveredstatements="150" conditionals="203" coveredconditionals="100" methods="145" coveredmethods="32" elements="793" coveredelements="282" complexity="0" loc="445" ncloc="445" packages="9" files="26" classes="26"/>
    <package name="src">
      <metrics statements="67" coveredstatements="0" conditionals="2" coveredconditionals="0" methods="36" coveredmethods="0"/>
      <file name="settings.ts" path="/workspaces/obsidian-sample-plugin/src/settings.ts">
        <metrics statements="66" coveredstatements="0" conditionals="2" coveredconditionals="0" methods="36" coveredmethods="0"/>
        <line num="13" count="0" type="stmt"/>
        <line num="14" count="0" type="stmt"/>
        <line num="18" count="0" type="stmt"/>
        <line num="20" count="0" type="stmt"/>
        <line num="23" count="0" type="stmt"/>
        <line num="25" count="0" type="stmt"/>
        <line num="29" count="0" type="stmt"/>
        <line num="32" count="0" type="stmt"/>
        <line num="33" count="0" type="cond" truecount="0" falsecount="2"/>
        <line num="34" count="0" type="stmt"/>
        <line num="38" count="0" type="stmt"/>
        <line num="42" count="0" type="stmt"/>
        <line num="45" count="0" type="stmt"/>
        <line num="46" count="0" type="stmt"/>
        <line num="47" count="0" type="stmt"/>
        <line num="52" count="0" type="stmt"/>
        <line num="54" count="0" type="stmt"/>
        <line num="58" count="0" type="stmt"/>
        <line num="60" count="0" type="stmt"/>
        <line num="61" count="0" type="stmt"/>
        <line num="62" count="0" type="stmt"/>
        <line num="66" count="0" type="stmt"/>
        <line num="70" count="0" type="stmt"/>
        <line num="72" count="0" type="stmt"/>
        <line num="73" count="0" type="stmt"/>
        <line num="74" count="0" type="stmt"/>
        <line num="78" count="0" type="stmt"/>
        <line num="82" count="0" type="stmt"/>
        <line num="84" count="0" type="stmt"/>
        <line num="85" count="0" type="stmt"/>
        <line num="86" count="0" type="stmt"/>
        <line num="91" count="0" type="stmt"/>
        <line num="93" count="0" type="stmt"/>
        <line num="97" count="0" type="stmt"/>
        <line num="102" count="0" type="stmt"/>
        <line num="103" count="0" type="stmt"/>
        <line num="104" count="0" type="stmt"/>
        <line num="108" count="0" type="stmt"/>
        <line num="112" count="0" type="stmt"/>
        <line num="114" count="0" type="stmt"/>
        <line num="115" count="0" type="stmt"/>
        <line num="116" count="0" type="stmt"/>
        <line num="120" count="0" type="stmt"/>
        <line num="124" count="0" type="stmt"/>
        <line num="127" count="0" type="stmt"/>
        <line num="128" count="0" type="stmt"/>
        <line num="129" count="0" type="stmt"/>
        <line num="134" count="0" type="stmt"/>
        <line num="136" count="0" type="stmt"/>
        <line num="140" count="0" type="stmt"/>
        <line num="142" count="0" type="stmt"/>
        <line num="143" count="0" type="stmt"/>
        <line num="144" count="0" type="stmt"/>
        <line num="148" count="0" type="stmt"/>
        <line num="152" count="0" type="stmt"/>
        <line num="156" count="0" type="stmt"/>
        <line num="157" count="0" type="stmt"/>
        <line num="158" count="0" type="stmt"/>
        <line num="163" count="0" type="stmt"/>
        <line num="165" count="0" type="stmt"/>
        <line num="167" count="0" type="stmt"/>
        <line num="170" count="0" type="stmt"/>
        <line num="171" count="0" type="stmt"/>
        <line num="172" count="0" type="stmt"/>
        <line num="173" count="0" type="stmt"/>
        <line num="180" count="0" type="stmt"/>
      </file>
      <file name="types.ts" path="/workspaces/obsidian-sample-plugin/src/types.ts">
        <metrics statements="1" coveredstatements="0" conditionals="0" coveredconditionals="0" methods="0" coveredmethods="0"/>
        <line num="202" count="0" type="stmt"/>
      </file>
    </package>
    <package name="src.core.metadata">
      <metrics statements="95" coveredstatements="0" conditionals="41" coveredconditionals="0" methods="23" coveredmethods="0"/>
      <file name="entityStore.ts" path="/workspaces/obsidian-sample-plugin/src/core/metadata/entityStore.ts">
        <metrics statements="52" coveredstatements="0" conditionals="20" coveredconditionals="0" methods="11" coveredmethods="0"/>
        <line num="15" count="0" type="stmt"/>
        <line num="16" count="0" type="stmt"/>
        <line num="17" count="0" type="stmt"/>
        <line num="18" count="0" type="stmt"/>
        <line num="19" count="0" type="stmt"/>
        <line num="26" count="0" type="stmt"/>
        <line num="27" count="0" type="stmt"/>
        <line num="28" count="0" type="stmt"/>
        <line num="35" count="0" type="cond" truecount="0" falsecount="1"/>
        <line num="37" count="0" type="stmt"/>
        <line num="38" count="0" type="stmt"/>
        <line num="39" count="0" type="stmt"/>
        <line num="40" count="0" type="cond" truecount="0" falsecount="1"/>
        <line num="42" count="0" type="stmt"/>
        <line num="43" count="0" type="stmt"/>
        <line num="45" count="0" type="stmt"/>
        <line num="46" count="0" type="stmt"/>
        <line num="49" count="0" type="stmt"/>
        <line num="51" count="0" type="stmt"/>
        <line num="56" count="0" type="stmt"/>
        <line num="57" count="0" type="cond" truecount="0" falsecount="1"/>
        <line num="58" count="0" type="stmt"/>
        <line num="63" count="0" type="stmt"/>
        <line num="64" count="0" type="cond" truecount="0" falsecount="1"/>
        <line num="65" count="0" type="stmt"/>
        <line num="66" count="0" type="stmt"/>
        <line num="68" count="0" type="cond" truecount="0" falsecount="3"/>
        <line num="69" count="0" type="stmt"/>
        <line num="75" count="0" type="cond" truecount="0" falsecount="2"/>
        <line num="79" count="0" type="cond" truecount="0" falsecount="1"/>
        <line num="81" count="0" type="stmt"/>
        <line num="82" count="0" type="cond" truecount="0" falsecount="4"/>
        <line num="86" count="0" type="stmt"/>
        <line num="93" count="0" type="cond" truecount="0" falsecount="1"/>
        <line num="95" count="0" type="stmt"/>
        <line num="96" count="0" type="stmt"/>
        <line num="97" count="0" type="stmt"/>
        <line num="99" count="0" type="stmt"/>
        <line num="100" count="0" type="stmt"/>
        <line num="102" count="0" type="cond" truecount="0" falsecount="2"/>
        <line num="103" count="0" type="stmt"/>
        <line num="105" count="0" type="stmt"/>
        <line num="109" count="0" type="cond" truecount="0" falsecount="1"/>
        <line num="110" count="0" type="stmt"/>
        <line num="113" count="0" type="stmt"/>
        <line num="118" count="0" type="stmt"/>
        <line num="131" count="0" type="stmt"/>
        <line num="133" count="0" type="cond" truecount="0" falsecount="2"/>
        <line num="134" count="0" type="stmt"/>
        <line num="144" count="0" type="stmt"/>
        <line num="147" count="0" type="stmt"/>
        <line num="150" count="0" type="stmt"/>
      </file>
      <file name="indexFile.ts" path="/workspaces/obsidian-sample-plugin/src/core/metadata/indexFile.ts">
        <metrics statements="36" coveredstatements="0" conditionals="21" coveredconditionals="0" methods="5" coveredmethods="0"/>
        <line num="17" count="0" type="stmt"/>
        <line num="25" count="0" type="stmt"/>
        <line num="27" count="0" type="stmt"/>
        <line num="30" count="0" type="cond" truecount="0" falsecount="1"/>
        <line num="31" count="0" type="stmt"/>
        <line num="32" count="0" type="cond" truecount="0" falsecount="1"/>
        <line num="33" count="0" type="stmt"/>
        <line num="35" count="0" type="stmt"/>
        <line num="39" count="0" type="cond" truecount="0" falsecount="1"/>
        <line num="40" count="0" type="cond" truecount="0" falsecount="1"/>
        <line num="41" count="0" type="stmt"/>
        <line num="43" count="0" type="stmt"/>
        <line num="47" count="0" type="stmt"/>
        <line num="63" count="0" type="stmt"/>
        <line num="71" count="0" type="stmt"/>
        <line num="72" count="0" type="stmt"/>
        <line num="74" count="0" type="stmt"/>
        <line num="75" count="0" type="stmt"/>
        <line num="76" count="0" type="cond" truecount="0" falsecount="2"/>
        <line num="77" count="0" type="stmt"/>
        <line num="79" count="0" type="stmt"/>
        <line num="82" count="0" type="stmt"/>
        <line num="83" count="0" type="stmt"/>
        <line num="99" count="0" type="stmt"/>
        <line num="101" count="0" type="stmt"/>
        <line num="102" count="0" type="stmt"/>
        <line num="103" count="0" type="cond" truecount="0" falsecount="1"/>
        <line num="104" count="0" type="stmt"/>
        <line num="105" count="0" type="stmt"/>
        <line num="108" count="0" type="stmt"/>
        <line num="109" count="0" type="stmt"/>
        <line num="111" count="0" type="stmt"/>
        <line num="119" count="0" type="stmt"/>
        <line num="120" count="0" type="stmt"/>
        <line num="131" count="0" type="cond" truecount="0" falsecount="2"/>
        <line num="141" count="0" type="cond" truecount="0" falsecount="2"/>
      </file>
      <file name="masterMetadata.ts" path="/workspaces/obsidian-sample-plugin/src/core/metadata/masterMetadata.ts">
        <metrics statements="7" coveredstatements="0" conditionals="0" coveredconditionals="0" methods="7" coveredmethods="0"/>
        <line num="15" count="0" type="stmt"/>
        <line num="18" count="0" type="stmt"/>
        <line num="30" count="0" type="stmt"/>
        <line num="34" count="0" type="stmt"/>
        <line num="38" count="0" type="stmt"/>
        <line num="42" count="0" type="stmt"/>
        <line num="46" count="0" type="stmt"/>
      </file>
    </package>
    <package name="src.core.scanner">
      <metrics statements="117" coveredstatements="84" conditionals="35" coveredconditionals="25" methods="17" coveredmethods="13"/>
      <file name="documentScanner.ts" path="/workspaces/obsidian-sample-plugin/src/core/scanner/documentScanner.ts">
        <metrics statements="43" coveredstatements="25" conditionals="17" coveredconditionals="10" methods="5" coveredmethods="3"/>
        <line num="10" count="1" type="stmt"/>
        <line num="11" count="1" type="stmt"/>
        <line num="22" count="0" type="stmt"/>
        <line num="23" count="0" type="stmt"/>
        <line num="26" count="0" type="stmt"/>
        <line num="27" count="0" type="cond" truecount="0" falsecount="1"/>
        <line num="28" count="0" type="stmt"/>
        <line num="33" count="0" type="stmt"/>
        <line num="34" count="0" type="cond" truecount="0" falsecount="1"/>
        <line num="37" count="0" type="cond" truecount="0" falsecount="2"/>
        <line num="38" count="0" type="stmt"/>
        <line num="41" count="0" type="cond" truecount="0" falsecount="1"/>
        <line num="44" count="0" type="cond" truecount="0" falsecount="2"/>
        <line num="45" count="0" type="stmt"/>
        <line num="48" count="0" type="stmt"/>
        <line num="57" count="1" type="stmt"/>
        <line num="58" count="0" type="stmt"/>
        <line num="59" count="0" type="stmt"/>
        <line num="60" count="0" type="stmt"/>
        <line num="61" count="0" type="stmt"/>
        <line num="63" count="0" type="stmt"/>
        <line num="79" count="1" type="stmt"/>
        <line num="83" count="18" type="stmt"/>
        <line num="84" count="18" type="stmt"/>
        <line num="86" count="18" type="stmt"/>
        <line num="94" count="18" type="stmt"/>
        <line num="95" count="18" type="stmt"/>
        <line num="96" count="90" type="cond" truecount="1" falsecount="0"/>
        <line num="98" count="89" type="cond" truecount="2" falsecount="0"/>
        <line num="99" count="17" type="stmt"/>
        <line num="100" count="17" type="stmt"/>
        <line num="101" count="42" type="stmt"/>
        <line num="103" count="72" type="cond" truecount="2" falsecount="0"/>
        <line num="104" count="36" type="stmt"/>
        <line num="106" count="36" type="stmt"/>
        <line num="109" count="18" type="stmt"/>
        <line num="111" count="18" type="stmt"/>
        <line num="120" count="1" type="stmt"/>
        <line num="122" count="14" type="cond" truecount="1" falsecount="0"/>
        <line num="123" count="5" type="stmt"/>
        <line num="124" count="5" type="cond" truecount="1" falsecount="0"/>
        <line num="125" count="4" type="stmt"/>
        <line num="129" count="14" type="stmt"/>
      </file>
      <file name="docxConverter.ts" path="/workspaces/obsidian-sample-plugin/src/core/scanner/docxConverter.ts">
        <metrics statements="15" coveredstatements="0" conditionals="2" coveredconditionals="0" methods="2" coveredmethods="0"/>
        <line num="20" count="0" type="stmt"/>
        <line num="25" count="0" type="stmt"/>
        <line num="26" count="0" type="stmt"/>
        <line num="28" count="0" type="stmt"/>
        <line num="29" count="0" type="stmt"/>
        <line num="45" count="0" type="stmt"/>
        <line num="46" count="0" type="stmt"/>
        <line num="47" count="0" type="stmt"/>
        <line num="49" count="0" type="stmt"/>
        <line num="50" count="0" type="cond" truecount="0" falsecount="2"/>
        <line num="51" count="0" type="stmt"/>
        <line num="53" count="0" type="stmt"/>
        <line num="56" count="0" type="stmt"/>
        <line num="58" count="0" type="stmt"/>
        <line num="59" count="0" type="stmt"/>
      </file>
      <file name="temporalTagger.ts" path="/workspaces/obsidian-sample-plugin/src/core/scanner/temporalTagger.ts">
        <metrics statements="37" coveredstatements="37" conditionals="9" coveredconditionals="8" methods="4" coveredmethods="4"/>
        <line num="11" count="2" type="stmt"/>
        <line num="25" count="2" type="stmt"/>
        <line num="26" count="33" type="stmt"/>
        <line num="27" count="33" type="stmt"/>
        <line num="28" count="33" type="stmt"/>
        <line num="30" count="33" type="stmt"/>
        <line num="31" count="47" type="stmt"/>
        <line num="32" count="47" type="stmt"/>
        <line num="34" count="47" type="stmt"/>
        <line num="35" count="282" type="stmt"/>
        <line num="36" count="1880" type="stmt"/>
        <line num="39" count="1880" type="stmt"/>
        <line num="42" count="103" type="cond" truecount="3" falsecount="0"/>
        <line num="45" count="103" type="cond" truecount="1" falsecount="0"/>
        <line num="46" count="101" type="stmt"/>
        <line num="58" count="33" type="stmt"/>
        <line num="67" count="2" type="stmt"/>
        <line num="68" count="10" type="stmt"/>
        <line num="69" count="10" type="stmt"/>
        <line num="72" count="25" type="stmt"/>
        <line num="74" count="10" type="stmt"/>
        <line num="75" count="24" type="cond" truecount="0" falsecount="1"/>
        <line num="77" count="24" type="stmt"/>
        <line num="78" count="24" type="stmt"/>
        <line num="79" count="24" type="stmt"/>
        <line num="82" count="24" type="cond" truecount="3" falsecount="0"/>
        <line num="83" count="24" type="stmt"/>
        <line num="84" count="24" type="stmt"/>
        <line num="88" count="10" type="stmt"/>
        <line num="96" count="2" type="stmt"/>
        <line num="97" count="31" type="stmt"/>
        <line num="99" count="31" type="stmt"/>
        <line num="100" count="85" type="stmt"/>
        <line num="101" count="190" type="cond" truecount="1" falsecount="0"/>
        <line num="102" count="85" type="stmt"/>
        <line num="103" count="85" type="stmt"/>
        <line num="108" count="31" type="stmt"/>
      </file>
      <file name="tokenizer.ts" path="/workspaces/obsidian-sample-plugin/src/core/scanner/tokenizer.ts">
        <metrics statements="22" coveredstatements="22" conditionals="7" coveredconditionals="7" methods="6" coveredmethods="6"/>
        <line num="11" count="2" type="stmt"/>
        <line num="26" count="2" type="stmt"/>
        <line num="27" count="18" type="stmt"/>
        <line num="30" count="18" type="cond" truecount="2" falsecount="0"/>
        <line num="32" count="18" type="stmt"/>
        <line num="33" count="18" type="stmt"/>
        <line num="34" count="10112" type="stmt"/>
        <line num="37" count="10112" type="cond" truecount="3" falsecount="0"/>
        <line num="38" count="42" type="stmt"/>
        <line num="39" count="42" type="stmt"/>
        <line num="42" count="10070" type="cond" truecount="2" falsecount="0"/>
        <line num="43" count="10070" type="stmt"/>
        <line num="44" count="10070" type="stmt"/>
        <line num="46" count="10070" type="stmt"/>
        <line num="47" count="10070" type="stmt"/>
        <line num="51" count="48" type="stmt"/>
        <line num="57" count="63" type="stmt"/>
        <line num="58" count="18" type="stmt"/>
        <line num="67" count="2" type="stmt"/>
        <line num="68" count="17" type="stmt"/>
        <line num="77" count="2" type="stmt"/>
        <line num="78" count="7" type="stmt"/>
      </file>
    </package>
    <package name="src.migrations">
      <metrics statements="1" coveredstatements="0" conditionals="0" coveredconditionals="0" methods="0" coveredmethods="0"/>
      <file name="v1.ts" path="/workspaces/obsidian-sample-plugin/src/migrations/v1.ts">
        <metrics statements="1" coveredstatements="0" conditionals="0" coveredconditionals="0" methods="0" coveredmethods="0"/>
        <line num="11" count="0" type="stmt"/>
      </file>
    </package>
    <package name="src.protocol">
      <metrics statements="38" coveredstatements="0" conditionals="7" coveredconditionals="0" methods="5" coveredmethods="0"/>
      <file name="fileStructure.ts" path="/workspaces/obsidian-sample-plugin/src/protocol/fileStructure.ts">
        <metrics statements="1" coveredstatements="0" conditionals="0" coveredconditionals="0" methods="0" coveredmethods="0"/>
        <line num="12" count="0" type="stmt"/>
      </file>
      <file name="logManager.ts" path="/workspaces/obsidian-sample-plugin/src/protocol/logManager.ts">
        <metrics statements="16" coveredstatements="0" conditionals="4" coveredconditionals="0" methods="1" coveredmethods="0"/>
        <line num="34" count="0" type="stmt"/>
        <line num="35" count="0" type="stmt"/>
        <line num="36" count="0" type="stmt"/>
        <line num="37" count="0" type="stmt"/>
        <line num="38" count="0" type="stmt"/>
        <line num="40" count="0" type="stmt"/>
        <line num="43" count="0" type="stmt"/>
        <line num="44" count="0" type="cond" truecount="0" falsecount="2"/>
        <line num="47" count="0" type="stmt"/>
        <line num="48" count="0" type="cond" truecount="0" falsecount="2"/>
        <line num="49" count="0" type="stmt"/>
        <line num="50" count="0" type="stmt"/>
        <line num="51" count="0" type="stmt"/>
        <line num="53" count="0" type="stmt"/>
        <line num="54" count="0" type="stmt"/>
        <line num="57" count="0" type="stmt"/>
      </file>
      <file name="protocolManager.ts" path="/workspaces/obsidian-sample-plugin/src/protocol/protocolManager.ts">
        <metrics statements="21" coveredstatements="0" conditionals="3" coveredconditionals="0" methods="4" coveredmethods="0"/>
        <line num="19" count="0" type="stmt"/>
        <line num="21" count="0" type="stmt"/>
        <line num="23" count="0" type="stmt"/>
        <line num="24" count="0" type="cond" truecount="0" falsecount="1"/>
        <line num="25" count="0" type="stmt"/>
        <line num="29" count="0" type="stmt"/>
        <line num="37" count="0" type="stmt"/>
        <line num="38" count="0" type="stmt"/>
        <line num="39" count="0" type="stmt"/>
        <line num="40" count="0" type="cond" truecount="0" falsecount="1"/>
        <line num="41" count="0" type="stmt"/>
        <line num="45" count="0" type="stmt"/>
        <line num="47" count="0" type="stmt"/>
        <line num="48" count="0" type="stmt"/>
        <line num="59" count="0" type="stmt"/>
        <line num="60" count="0" type="stmt"/>
        <line num="61" count="0" type="cond" truecount="0" falsecount="1"/>
        <line num="62" count="0" type="stmt"/>
        <line num="65" count="0" type="stmt"/>
        <line num="73" count="0" type="stmt"/>
        <line num="83" count="0" type="stmt"/>
      </file>
    </package>
    <package name="src.ui.commands">
      <metrics statements="4" coveredstatements="0" conditionals="0" coveredconditionals="0" methods="5" coveredmethods="0"/>
      <file name="commands.ts" path="/workspaces/obsidian-sample-plugin/src/ui/commands/commands.ts">
        <metrics statements="4" coveredstatements="0" conditionals="0" coveredconditionals="0" methods="5" coveredmethods="0"/>
        <line num="12" count="0" type="stmt"/>
        <line num="21" count="0" type="stmt"/>
        <line num="30" count="0" type="stmt"/>
        <line num="39" count="0" type="stmt"/>
      </file>
    </package>
    <package name="src.ui.modals">
      <metrics statements="5" coveredstatements="0" conditionals="0" coveredconditionals="0" methods="15" coveredmethods="0"/>
      <file name="descriptionModal.ts" path="/workspaces/obsidian-sample-plugin/src/ui/modals/descriptionModal.ts">
        <metrics statements="1" coveredstatements="0" conditionals="0" coveredconditionals="0" methods="3" coveredmethods="0"/>
        <line num="12" count="0" type="stmt"/>
      </file>
      <file name="keyTermModal.ts" path="/workspaces/obsidian-sample-plugin/src/ui/modals/keyTermModal.ts">
        <metrics statements="1" coveredstatements="0" conditionals="0" coveredconditionals="0" methods="3" coveredmethods="0"/>
        <line num="12" count="0" type="stmt"/>
      </file>
      <file name="metadataReviewModal.ts" path="/workspaces/obsidian-sample-plugin/src/ui/modals/metadataReviewModal.ts">
        <metrics statements="1" coveredstatements="0" conditionals="0" coveredconditionals="0" methods="3" coveredmethods="0"/>
        <line num="12" count="0" type="stmt"/>
      </file>
      <file name="subMetadataModal.ts" path="/workspaces/obsidian-sample-plugin/src/ui/modals/subMetadataModal.ts">
        <metrics statements="1" coveredstatements="0" conditionals="0" coveredconditionals="0" methods="3" coveredmethods="0"/>
        <line num="12" count="0" type="stmt"/>
      </file>
      <file name="timelineSnapshotModal.ts" path="/workspaces/obsidian-sample-plugin/src/ui/modals/timelineSnapshotModal.ts">
        <metrics statements="1" coveredstatements="0" conditionals="0" coveredconditionals="0" methods="3" coveredmethods="0"/>
        <line num="12" count="0" type="stmt"/>
      </file>
    </package>
    <package name="src.ui.views">
      <metrics statements="8" coveredstatements="0" conditionals="0" coveredconditionals="0" methods="10" coveredmethods="0"/>
      <file name="mainPanelView.ts" path="/workspaces/obsidian-sample-plugin/src/ui/views/mainPanelView.ts">
        <metrics statements="4" coveredstatements="0" conditionals="0" coveredconditionals="0" methods="5" coveredmethods="0"/>
        <line num="10" count="0" type="stmt"/>
        <line num="13" count="0" type="stmt"/>
        <line num="17" count="0" type="stmt"/>
        <line num="21" count="0" type="stmt"/>
      </file>
      <file name="timelineView.ts" path="/workspaces/obsidian-sample-plugin/src/ui/views/timelineView.ts">
        <metrics statements="4" coveredstatements="0" conditionals="0" coveredconditionals="0" methods="5" coveredmethods="0"/>
        <line num="11" count="0" type="stmt"/>
        <line num="14" count="0" type="stmt"/>
        <line num="18" count="0" type="stmt"/>
        <line num="22" count="0" type="stmt"/>
      </file>
    </package>
    <package name="src.utils">
      <metrics statements="110" coveredstatements="66" conditionals="118" coveredconditionals="75" methods="34" coveredmethods="19"/>
      <file name="csvParser.ts" path="/workspaces/obsidian-sample-plugin/src/utils/csvParser.ts">
        <metrics statements="46" coveredstatements="46" conditionals="66" coveredconditionals="55" methods="14" coveredmethods="14"/>
        <line num="15" count="1" type="stmt"/>
        <line num="16" count="1038" type="stmt"/>
        <line num="17" count="19" type="cond" truecount="1" falsecount="0"/>
        <line num="19" count="17" type="cond" truecount="3" falsecount="1"/>
        <line num="20" count="17" type="stmt"/>
        <line num="22" count="17" type="stmt"/>
        <line num="23" count="1018" type="cond" truecount="3" falsecount="1"/>
        <line num="24" count="1018" type="cond" truecount="0" falsecount="1"/>
        <line num="26" count="1018" type="stmt"/>
        <line num="27" count="1018" type="stmt"/>
        <line num="28" count="9162" type="cond" truecount="2" falsecount="0"/>
        <line num="31" count="1018" type="stmt"/>
        <line num="34" count="17" type="stmt"/>
        <line num="42" count="1" type="stmt"/>
        <line num="43" count="21" type="stmt"/>
        <line num="55" count="21" type="stmt"/>
        <line num="57" count="21" type="stmt"/>
        <line num="58" count="1021" type="stmt"/>
        <line num="64" count="2042" type="stmt"/>
        <line num="66" count="1023" type="stmt"/>
        <line num="71" count="9189" type="stmt"/>
        <line num="74" count="21" type="stmt"/>
        <line num="83" count="1035" type="stmt"/>
        <line num="84" count="1035" type="stmt"/>
        <line num="85" count="1035" type="stmt"/>
        <line num="87" count="1035" type="stmt"/>
        <line num="88" count="129134" type="stmt"/>
        <line num="90" count="129134" type="cond" truecount="2" falsecount="0"/>
        <line num="91" count="18332" type="stmt"/>
        <line num="92" count="110802" type="cond" truecount="4" falsecount="0"/>
        <line num="93" count="8280" type="stmt"/>
        <line num="94" count="8280" type="stmt"/>
        <line num="96" count="102522" type="stmt"/>
        <line num="100" count="1035" type="stmt"/>
        <line num="101" count="1035" type="stmt"/>
        <line num="110" count="6126" type="stmt"/>
        <line num="119" count="1018" type="cond" truecount="2" falsecount="0"/>
        <line num="122" count="2031" type="stmt"/>
        <line num="123" count="2031" type="stmt"/>
        <line num="126" count="1018" type="cond" truecount="2" falsecount="0"/>
        <line num="130" count="1016" type="stmt"/>
        <line num="131" count="1016" type="cond" truecount="1" falsecount="1"/>
        <line num="132" count="1016" type="cond" truecount="1" falsecount="1"/>
        <line num="133" count="1016" type="stmt"/>
        <line num="135" count="3047" type="cond" truecount="1" falsecount="1"/>
        <line num="140" count="1018" type="stmt"/>
      </file>
      <file name="helpers.ts" path="/workspaces/obsidian-sample-plugin/src/utils/helpers.ts">
        <metrics statements="5" coveredstatements="0" conditionals="0" coveredconditionals="0" methods="5" coveredmethods="0"/>
        <line num="9" count="0" type="stmt"/>
        <line num="16" count="0" type="stmt"/>
        <line num="23" count="0" type="stmt"/>
        <line num="33" count="0" type="stmt"/>
        <line num="40" count="0" type="stmt"/>
      </file>
      <file name="idGenerator.ts" path="/workspaces/obsidian-sample-plugin/src/utils/idGenerator.ts">
        <metrics statements="20" coveredstatements="20" conditionals="20" coveredconditionals="20" methods="5" coveredmethods="5"/>
        <line num="14" count="1" type="stmt"/>
        <line num="15" count="33" type="stmt"/>
        <line num="17" count="33" type="stmt"/>
        <line num="18" count="33" type="stmt"/>
        <line num="19" count="1210" type="stmt"/>
        <line num="20" count="1210" type="stmt"/>
        <line num="23" count="33" type="stmt"/>
        <line num="32" count="1" type="stmt"/>
        <line num="33" count="21" type="cond" truecount="4" falsecount="0"/>
        <line num="34" count="21" type="stmt"/>
        <line num="35" count="21" type="stmt"/>
        <line num="36" count="21" type="stmt"/>
        <line num="44" count="1" type="stmt"/>
        <line num="45" count="13" type="stmt"/>
        <line num="53" count="1" type="stmt"/>
        <line num="54" count="6" type="stmt"/>
        <line num="55" count="6" type="cond" truecount="8" falsecount="0"/>
        <line num="63" count="1" type="stmt"/>
        <line num="64" count="6" type="stmt"/>
        <line num="65" count="6" type="cond" truecount="8" falsecount="0"/>
      </file>
      <file name="validators.ts" path="/workspaces/obsidian-sample-plugin/src/utils/validators.ts">
        <metrics statements="20" coveredstatements="0" conditionals="20" coveredconditionals="0" methods="4" coveredmethods="0"/>
        <line num="15" count="0" type="cond" truecount="0" falsecount="3"/>
        <line num="16" count="0" type="stmt"/>
        <line num="19" count="0" type="cond" truecount="0" falsecount="3"/>
        <line num="20" count="0" type="stmt"/>
        <line num="23" count="0" type="cond" truecount="0" falsecount="3"/>
        <line num="24" count="0" type="stmt"/>
        <line num="27" count="0" type="cond" truecount="0" falsecount="1"/>
        <line num="28" count="0" type="stmt"/>
        <line num="31" count="0" type="cond" truecount="0" falsecount="1"/>
        <line num="32" count="0" type="stmt"/>
        <line num="35" count="0" type="stmt"/>
        <line num="44" count="0" type="cond" truecount="0" falsecount="3"/>
        <line num="45" count="0" type="stmt"/>
        <line num="48" count="0" type="cond" truecount="0" falsecount="3"/>
        <line num="49" count="0" type="stmt"/>
        <line num="52" count="0" type="cond" truecount="0" falsecount="1"/>
        <line num="53" count="0" type="stmt"/>
        <line num="56" count="0" type="stmt"/>
        <line num="65" count="0" type="cond" truecount="0" falsecount="2"/>
        <line num="74" count="0" type="stmt"/>
      </file>
      <file name="wikilinker.ts" path="/workspaces/obsidian-sample-plugin/src/utils/wikilinker.ts">
        <metrics statements="19" coveredstatements="0" conditionals="12" coveredconditionals="0" methods="6" coveredmethods="0"/>
        <line num="16" count="0" type="stmt"/>
        <line num="19" count="0" type="stmt"/>
        <line num="21" count="0" type="stmt"/>
        <line num="22" count="0" type="stmt"/>
        <line num="25" count="0" type="stmt"/>
        <line num="37" count="0" type="stmt"/>
        <line num="38" count="0" type="stmt"/>
        <line num="40" count="0" type="stmt"/>
        <line num="42" count="0" type="stmt"/>
        <line num="43" count="0" type="cond" truecount="0" falsecount="4"/>
        <line num="44" count="0" type="stmt"/>
        <line num="46" count="0" type="stmt"/>
        <line num="57" count="0" type="stmt"/>
        <line num="58" count="0" type="stmt"/>
        <line num="67" count="0" type="stmt"/>
        <line num="68" count="0" type="stmt"/>
        <line num="71" count="0" type="stmt"/>
        <line num="72" count="0" type="cond" truecount="0" falsecount="8"/>
        <line num="75" count="0" type="stmt"/>
      </file>
    </package>
  </project>
</coverage>
