{"/workspaces/obsidian-sample-plugin/src/settings.ts": {"path":"/workspaces/obsidian-sample-plugin/src/settings.ts","statementMap":{"0":{"start":{"line":13,"column":2},"end":{"line":13,"column":21}},"1":{"start":{"line":14,"column":2},"end":{"line":14,"column":23}},"2":{"start":{"line":18,"column":26},"end":{"line":18,"column":30}},"3":{"start":{"line":20,"column":2},"end":{"line":20,"column":22}},"4":{"start":{"line":23,"column":2},"end":{"line":23,"column":59}},"5":{"start":{"line":25,"column":2},"end":{"line":36,"column":5}},"6":{"start":{"line":29,"column":4},"end":{"line":35,"column":7}},"7":{"start":{"line":32,"column":31},"end":{"line":35,"column":7}},"8":{"start":{"line":33,"column":6},"end":{"line":33,"column":69}},"9":{"start":{"line":34,"column":6},"end":{"line":34,"column":39}},"10":{"start":{"line":38,"column":2},"end":{"line":49,"column":5}},"11":{"start":{"line":42,"column":4},"end":{"line":48,"column":7}},"12":{"start":{"line":45,"column":31},"end":{"line":48,"column":7}},"13":{"start":{"line":46,"column":6},"end":{"line":46,"column":45}},"14":{"start":{"line":47,"column":6},"end":{"line":47,"column":39}},"15":{"start":{"line":52,"column":2},"end":{"line":52,"column":51}},"16":{"start":{"line":54,"column":2},"end":{"line":64,"column":5}},"17":{"start":{"line":58,"column":4},"end":{"line":63,"column":7}},"18":{"start":{"line":60,"column":31},"end":{"line":63,"column":7}},"19":{"start":{"line":61,"column":6},"end":{"line":61,"column":47}},"20":{"start":{"line":62,"column":6},"end":{"line":62,"column":39}},"21":{"start":{"line":66,"column":2},"end":{"line":76,"column":5}},"22":{"start":{"line":70,"column":4},"end":{"line":75,"column":7}},"23":{"start":{"line":72,"column":31},"end":{"line":75,"column":7}},"24":{"start":{"line":73,"column":6},"end":{"line":73,"column":49}},"25":{"start":{"line":74,"column":6},"end":{"line":74,"column":39}},"26":{"start":{"line":78,"column":2},"end":{"line":88,"column":5}},"27":{"start":{"line":82,"column":4},"end":{"line":87,"column":7}},"28":{"start":{"line":84,"column":31},"end":{"line":87,"column":7}},"29":{"start":{"line":85,"column":6},"end":{"line":85,"column":52}},"30":{"start":{"line":86,"column":6},"end":{"line":86,"column":39}},"31":{"start":{"line":91,"column":2},"end":{"line":91,"column":62}},"32":{"start":{"line":93,"column":2},"end":{"line":106,"column":5}},"33":{"start":{"line":97,"column":4},"end":{"line":105,"column":7}},"34":{"start":{"line":102,"column":31},"end":{"line":105,"column":7}},"35":{"start":{"line":103,"column":6},"end":{"line":103,"column":73}},"36":{"start":{"line":104,"column":6},"end":{"line":104,"column":39}},"37":{"start":{"line":108,"column":2},"end":{"line":118,"column":5}},"38":{"start":{"line":112,"column":4},"end":{"line":117,"column":7}},"39":{"start":{"line":114,"column":31},"end":{"line":117,"column":7}},"40":{"start":{"line":115,"column":6},"end":{"line":115,"column":49}},"41":{"start":{"line":116,"column":6},"end":{"line":116,"column":39}},"42":{"start":{"line":120,"column":2},"end":{"line":131,"column":5}},"43":{"start":{"line":124,"column":4},"end":{"line":130,"column":7}},"44":{"start":{"line":127,"column":31},"end":{"line":130,"column":7}},"45":{"start":{"line":128,"column":6},"end":{"line":128,"column":52}},"46":{"start":{"line":129,"column":6},"end":{"line":129,"column":39}},"47":{"start":{"line":134,"column":2},"end":{"line":134,"column":51}},"48":{"start":{"line":136,"column":2},"end":{"line":146,"column":5}},"49":{"start":{"line":140,"column":4},"end":{"line":145,"column":7}},"50":{"start":{"line":142,"column":31},"end":{"line":145,"column":7}},"51":{"start":{"line":143,"column":6},"end":{"line":143,"column":57}},"52":{"start":{"line":144,"column":6},"end":{"line":144,"column":39}},"53":{"start":{"line":148,"column":2},"end":{"line":160,"column":5}},"54":{"start":{"line":152,"column":4},"end":{"line":159,"column":7}},"55":{"start":{"line":156,"column":31},"end":{"line":159,"column":7}},"56":{"start":{"line":157,"column":6},"end":{"line":157,"column":76}},"57":{"start":{"line":158,"column":6},"end":{"line":158,"column":39}},"58":{"start":{"line":163,"column":2},"end":{"line":163,"column":29}},"59":{"start":{"line":165,"column":2},"end":{"line":175,"column":5}},"60":{"start":{"line":167,"column":4},"end":{"line":174,"column":7}},"61":{"start":{"line":170,"column":25},"end":{"line":174,"column":7}},"62":{"start":{"line":171,"column":6},"end":{"line":171,"column":53}},"63":{"start":{"line":172,"column":6},"end":{"line":172,"column":39}},"64":{"start":{"line":173,"column":6},"end":{"line":173,"column":21}},"65":{"start":{"line":180,"column":1},"end":{"line":180,"column":32}}},"fnMap":{"0":{"name":"(anonymous_0)","decl":{"start":{"line":12,"column":1},"end":{"line":12,"column":13}},"loc":{"start":{"line":12,"column":54},"end":{"line":15,"column":2}}},"1":{"name":"(anonymous_1)","decl":{"start":{"line":17,"column":1},"end":{"line":17,"column":8}},"loc":{"start":{"line":17,"column":8},"end":{"line":176,"column":2}}},"2":{"name":"(anonymous_2)","decl":{"start":{"line":28,"column":12},"end":{"line":28,"column":13}},"loc":{"start":{"line":29,"column":4},"end":{"line":35,"column":7}}},"3":{"name":"(anonymous_3)","decl":{"start":{"line":32,"column":15},"end":{"line":32,"column":22}},"loc":{"start":{"line":32,"column":31},"end":{"line":35,"column":7}}},"4":{"name":"(anonymous_4)","decl":{"start":{"line":32,"column":31},"end":{"line":32,"column":null}},"loc":{"start":{"line":32,"column":31},"end":{"line":35,"column":6}}},"5":{"name":"(anonymous_5)","decl":{"start":{"line":41,"column":14},"end":{"line":41,"column":15}},"loc":{"start":{"line":42,"column":4},"end":{"line":48,"column":7}}},"6":{"name":"(anonymous_6)","decl":{"start":{"line":45,"column":15},"end":{"line":45,"column":22}},"loc":{"start":{"line":45,"column":31},"end":{"line":48,"column":7}}},"7":{"name":"(anonymous_7)","decl":{"start":{"line":45,"column":31},"end":{"line":45,"column":null}},"loc":{"start":{"line":45,"column":31},"end":{"line":48,"column":6}}},"8":{"name":"(anonymous_8)","decl":{"start":{"line":57,"column":14},"end":{"line":57,"column":15}},"loc":{"start":{"line":58,"column":4},"end":{"line":63,"column":7}}},"9":{"name":"(anonymous_9)","decl":{"start":{"line":60,"column":15},"end":{"line":60,"column":22}},"loc":{"start":{"line":60,"column":31},"end":{"line":63,"column":7}}},"10":{"name":"(anonymous_10)","decl":{"start":{"line":60,"column":31},"end":{"line":60,"column":null}},"loc":{"start":{"line":60,"column":31},"end":{"line":63,"column":6}}},"11":{"name":"(anonymous_11)","decl":{"start":{"line":69,"column":14},"end":{"line":69,"column":15}},"loc":{"start":{"line":70,"column":4},"end":{"line":75,"column":7}}},"12":{"name":"(anonymous_12)","decl":{"start":{"line":72,"column":15},"end":{"line":72,"column":22}},"loc":{"start":{"line":72,"column":31},"end":{"line":75,"column":7}}},"13":{"name":"(anonymous_13)","decl":{"start":{"line":72,"column":31},"end":{"line":72,"column":null}},"loc":{"start":{"line":72,"column":31},"end":{"line":75,"column":6}}},"14":{"name":"(anonymous_14)","decl":{"start":{"line":81,"column":14},"end":{"line":81,"column":15}},"loc":{"start":{"line":82,"column":4},"end":{"line":87,"column":7}}},"15":{"name":"(anonymous_15)","decl":{"start":{"line":84,"column":15},"end":{"line":84,"column":22}},"loc":{"start":{"line":84,"column":31},"end":{"line":87,"column":7}}},"16":{"name":"(anonymous_16)","decl":{"start":{"line":84,"column":31},"end":{"line":84,"column":null}},"loc":{"start":{"line":84,"column":31},"end":{"line":87,"column":6}}},"17":{"name":"(anonymous_17)","decl":{"start":{"line":96,"column":16},"end":{"line":96,"column":17}},"loc":{"start":{"line":97,"column":4},"end":{"line":105,"column":7}}},"18":{"name":"(anonymous_18)","decl":{"start":{"line":102,"column":15},"end":{"line":102,"column":22}},"loc":{"start":{"line":102,"column":31},"end":{"line":105,"column":7}}},"19":{"name":"(anonymous_19)","decl":{"start":{"line":102,"column":31},"end":{"line":102,"column":null}},"loc":{"start":{"line":102,"column":31},"end":{"line":105,"column":6}}},"20":{"name":"(anonymous_20)","decl":{"start":{"line":111,"column":14},"end":{"line":111,"column":15}},"loc":{"start":{"line":112,"column":4},"end":{"line":117,"column":7}}},"21":{"name":"(anonymous_21)","decl":{"start":{"line":114,"column":15},"end":{"line":114,"column":22}},"loc":{"start":{"line":114,"column":31},"end":{"line":117,"column":7}}},"22":{"name":"(anonymous_22)","decl":{"start":{"line":114,"column":31},"end":{"line":114,"column":null}},"loc":{"start":{"line":114,"column":31},"end":{"line":117,"column":6}}},"23":{"name":"(anonymous_23)","decl":{"start":{"line":123,"column":14},"end":{"line":123,"column":15}},"loc":{"start":{"line":124,"column":4},"end":{"line":130,"column":7}}},"24":{"name":"(anonymous_24)","decl":{"start":{"line":127,"column":15},"end":{"line":127,"column":22}},"loc":{"start":{"line":127,"column":31},"end":{"line":130,"column":7}}},"25":{"name":"(anonymous_25)","decl":{"start":{"line":127,"column":31},"end":{"line":127,"column":null}},"loc":{"start":{"line":127,"column":31},"end":{"line":130,"column":6}}},"26":{"name":"(anonymous_26)","decl":{"start":{"line":139,"column":14},"end":{"line":139,"column":15}},"loc":{"start":{"line":140,"column":4},"end":{"line":145,"column":7}}},"27":{"name":"(anonymous_27)","decl":{"start":{"line":142,"column":15},"end":{"line":142,"column":22}},"loc":{"start":{"line":142,"column":31},"end":{"line":145,"column":7}}},"28":{"name":"(anonymous_28)","decl":{"start":{"line":142,"column":31},"end":{"line":142,"column":null}},"loc":{"start":{"line":142,"column":31},"end":{"line":145,"column":6}}},"29":{"name":"(anonymous_29)","decl":{"start":{"line":151,"column":16},"end":{"line":151,"column":17}},"loc":{"start":{"line":152,"column":4},"end":{"line":159,"column":7}}},"30":{"name":"(anonymous_30)","decl":{"start":{"line":156,"column":15},"end":{"line":156,"column":22}},"loc":{"start":{"line":156,"column":31},"end":{"line":159,"column":7}}},"31":{"name":"(anonymous_31)","decl":{"start":{"line":156,"column":31},"end":{"line":156,"column":null}},"loc":{"start":{"line":156,"column":31},"end":{"line":159,"column":6}}},"32":{"name":"(anonymous_32)","decl":{"start":{"line":166,"column":14},"end":{"line":166,"column":15}},"loc":{"start":{"line":167,"column":4},"end":{"line":174,"column":7}}},"33":{"name":"(anonymous_33)","decl":{"start":{"line":170,"column":14},"end":{"line":170,"column":23}},"loc":{"start":{"line":170,"column":25},"end":{"line":174,"column":7}}},"34":{"name":"(anonymous_34)","decl":{"start":{"line":170,"column":25},"end":{"line":170,"column":null}},"loc":{"start":{"line":170,"column":25},"end":{"line":174,"column":6}}},"35":{"name":"getDefaultSettings","decl":{"start":{"line":179,"column":16},"end":{"line":179,"column":34}},"loc":{"start":{"line":179,"column":34},"end":{"line":181,"column":1}}}},"branchMap":{"0":{"loc":{"start":{"line":33,"column":48},"end":{"line":33,"column":68}},"type":"binary-expr","locations":[{"start":{"line":33,"column":48},"end":{"line":33,"column":53}},{"start":{"line":33,"column":57},"end":{"line":33,"column":68}}]}},"s":{"0":0,"1":0,"2":0,"3":0,"4":0,"5":0,"6":0,"7":0,"8":0,"9":0,"10":0,"11":0,"12":0,"13":0,"14":0,"15":0,"16":0,"17":0,"18":0,"19":0,"20":0,"21":0,"22":0,"23":0,"24":0,"25":0,"26":0,"27":0,"28":0,"29":0,"30":0,"31":0,"32":0,"33":0,"34":0,"35":0,"36":0,"37":0,"38":0,"39":0,"40":0,"41":0,"42":0,"43":0,"44":0,"45":0,"46":0,"47":0,"48":0,"49":0,"50":0,"51":0,"52":0,"53":0,"54":0,"55":0,"56":0,"57":0,"58":0,"59":0,"60":0,"61":0,"62":0,"63":0,"64":0,"65":0},"f":{"0":0,"1":0,"2":0,"3":0,"4":0,"5":0,"6":0,"7":0,"8":0,"9":0,"10":0,"11":0,"12":0,"13":0,"14":0,"15":0,"16":0,"17":0,"18":0,"19":0,"20":0,"21":0,"22":0,"23":0,"24":0,"25":0,"26":0,"27":0,"28":0,"29":0,"30":0,"31":0,"32":0,"33":0,"34":0,"35":0},"b":{"0":[0,0]}}
,"/workspaces/obsidian-sample-plugin/src/types.ts": {"path":"/workspaces/obsidian-sample-plugin/src/types.ts","statementMap":{"0":{"start":{"line":202,"column":48},"end":{"line":215,"column":2}}},"fnMap":{},"branchMap":{},"s":{"0":0},"f":{},"b":{}}
,"/workspaces/obsidian-sample-plugin/src/core/metadata/entityStore.ts": {"path":"/workspaces/obsidian-sample-plugin/src/core/metadata/entityStore.ts","statementMap":{"0":{"start":{"line":15,"column":9},"end":{"line":15,"column":51}},"1":{"start":{"line":16,"column":9},"end":{"line":16,"column":50}},"2":{"start":{"line":17,"column":9},"end":{"line":17,"column":36}},"3":{"start":{"line":18,"column":9},"end":{"line":18,"column":41}},"4":{"start":{"line":19,"column":9},"end":{"line":19,"column":41}},"5":{"start":{"line":26,"column":2},"end":{"line":26,"column":21}},"6":{"start":{"line":27,"column":2},"end":{"line":27,"column":47}},"7":{"start":{"line":28,"column":2},"end":{"line":28,"column":47}},"8":{"start":{"line":35,"column":2},"end":{"line":35,"column":26}},"9":{"start":{"line":35,"column":19},"end":{"line":35,"column":26}},"10":{"start":{"line":37,"column":2},"end":{"line":52,"column":3}},"11":{"start":{"line":38,"column":20},"end":{"line":38,"column":75}},"12":{"start":{"line":39,"column":16},"end":{"line":39,"column":50}},"13":{"start":{"line":40,"column":3},"end":{"line":40,"column":21}},"14":{"start":{"line":40,"column":14},"end":{"line":40,"column":21}},"15":{"start":{"line":42,"column":19},"end":{"line":42,"column":46}},"16":{"start":{"line":43,"column":26},"end":{"line":43,"column":43}},"17":{"start":{"line":45,"column":3},"end":{"line":45,"column":25}},"18":{"start":{"line":46,"column":3},"end":{"line":46,"column":61}},"19":{"start":{"line":46,"column":33},"end":{"line":46,"column":59}},"20":{"start":{"line":49,"column":3},"end":{"line":49,"column":43}},"21":{"start":{"line":51,"column":3},"end":{"line":51,"column":51}},"22":{"start":{"line":56,"column":2},"end":{"line":56,"column":39}},"23":{"start":{"line":57,"column":2},"end":{"line":59,"column":3}},"24":{"start":{"line":58,"column":3},"end":{"line":58,"column":65}},"25":{"start":{"line":63,"column":17},"end":{"line":63,"column":38}},"26":{"start":{"line":64,"column":2},"end":{"line":71,"column":3}},"27":{"start":{"line":65,"column":16},"end":{"line":65,"column":67}},"28":{"start":{"line":66,"column":3},"end":{"line":66,"column":34}},"29":{"start":{"line":68,"column":3},"end":{"line":70,"column":4}},"30":{"start":{"line":69,"column":4},"end":{"line":69,"column":60}},"31":{"start":{"line":75,"column":2},"end":{"line":75,"column":39}},"32":{"start":{"line":79,"column":2},"end":{"line":79,"column":31}},"33":{"start":{"line":79,"column":19},"end":{"line":79,"column":31}},"34":{"start":{"line":81,"column":13},"end":{"line":81,"column":56}},"35":{"start":{"line":82,"column":2},"end":{"line":82,"column":51}},"36":{"start":{"line":86,"column":2},"end":{"line":86,"column":44}},"37":{"start":{"line":93,"column":2},"end":{"line":93,"column":26}},"38":{"start":{"line":93,"column":19},"end":{"line":93,"column":26}},"39":{"start":{"line":95,"column":2},"end":{"line":114,"column":3}},"40":{"start":{"line":96,"column":20},"end":{"line":96,"column":41}},"41":{"start":{"line":97,"column":15},"end":{"line":97,"column":37}},"42":{"start":{"line":99,"column":20},"end":{"line":99,"column":75}},"43":{"start":{"line":100,"column":16},"end":{"line":100,"column":50}},"44":{"start":{"line":102,"column":3},"end":{"line":106,"column":4}},"45":{"start":{"line":103,"column":4},"end":{"line":103,"column":39}},"46":{"start":{"line":105,"column":4},"end":{"line":105,"column":43}},"47":{"start":{"line":109,"column":3},"end":{"line":111,"column":4}},"48":{"start":{"line":110,"column":4},"end":{"line":110,"column":40}},"49":{"start":{"line":113,"column":3},"end":{"line":113,"column":54}},"50":{"start":{"line":118,"column":2},"end":{"line":118,"column":20}},"51":{"start":{"line":131,"column":14},"end":{"line":131,"column":36}},"52":{"start":{"line":133,"column":1},"end":{"line":148,"column":2}},"53":{"start":{"line":134,"column":2},"end":{"line":143,"column":4}},"54":{"start":{"line":144,"column":2},"end":{"line":144,"column":26}},"55":{"start":{"line":147,"column":2},"end":{"line":147,"column":69}},"56":{"start":{"line":150,"column":1},"end":{"line":150,"column":15}}},"fnMap":{"0":{"name":"(anonymous_0)","decl":{"start":{"line":21,"column":1},"end":{"line":21,"column":null}},"loc":{"start":{"line":24,"column":28},"end":{"line":29,"column":2}}},"1":{"name":"(anonymous_1)","decl":{"start":{"line":34,"column":7},"end":{"line":34,"column":19}},"loc":{"start":{"line":34,"column":19},"end":{"line":53,"column":null}}},"2":{"name":"(anonymous_3)","decl":{"start":{"line":46,"column":26},"end":{"line":46,"column":27}},"loc":{"start":{"line":46,"column":33},"end":{"line":46,"column":59}}},"3":{"name":"(anonymous_4)","decl":{"start":{"line":55,"column":1},"end":{"line":55,"column":10}},"loc":{"start":{"line":55,"column":25},"end":{"line":60,"column":2}}},"4":{"name":"(anonymous_5)","decl":{"start":{"line":62,"column":1},"end":{"line":62,"column":13}},"loc":{"start":{"line":62,"column":50},"end":{"line":72,"column":2}}},"5":{"name":"(anonymous_6)","decl":{"start":{"line":74,"column":1},"end":{"line":74,"column":10}},"loc":{"start":{"line":74,"column":21},"end":{"line":76,"column":2}}},"6":{"name":"(anonymous_7)","decl":{"start":{"line":78,"column":1},"end":{"line":78,"column":11}},"loc":{"start":{"line":78,"column":24},"end":{"line":83,"column":2}}},"7":{"name":"(anonymous_8)","decl":{"start":{"line":85,"column":1},"end":{"line":85,"column":15}},"loc":{"start":{"line":85,"column":15},"end":{"line":87,"column":2}}},"8":{"name":"(anonymous_9)","decl":{"start":{"line":92,"column":7},"end":{"line":92,"column":14}},"loc":{"start":{"line":92,"column":14},"end":{"line":115,"column":null}}},"9":{"name":"(anonymous_11)","decl":{"start":{"line":117,"column":1},"end":{"line":117,"column":9}},"loc":{"start":{"line":117,"column":9},"end":{"line":119,"column":2}}},"10":{"name":"getOrCreateEntity","decl":{"start":{"line":126,"column":16},"end":{"line":126,"column":33}},"loc":{"start":{"line":129,"column":15},"end":{"line":151,"column":1}}}},"branchMap":{"0":{"loc":{"start":{"line":35,"column":2},"end":{"line":35,"column":26}},"type":"if","locations":[{"start":{"line":35,"column":2},"end":{"line":35,"column":26}}]},"1":{"loc":{"start":{"line":40,"column":3},"end":{"line":40,"column":21}},"type":"if","locations":[{"start":{"line":40,"column":3},"end":{"line":40,"column":21}}]},"2":{"loc":{"start":{"line":57,"column":2},"end":{"line":59,"column":3}},"type":"if","locations":[{"start":{"line":57,"column":2},"end":{"line":59,"column":3}}]},"3":{"loc":{"start":{"line":64,"column":2},"end":{"line":71,"column":3}},"type":"if","locations":[{"start":{"line":64,"column":2},"end":{"line":71,"column":3}}]},"4":{"loc":{"start":{"line":68,"column":3},"end":{"line":70,"column":4}},"type":"if","locations":[{"start":{"line":68,"column":3},"end":{"line":70,"column":4}}]},"5":{"loc":{"start":{"line":68,"column":7},"end":{"line":68,"column":33}},"type":"binary-expr","locations":[{"start":{"line":68,"column":7},"end":{"line":68,"column":17}},{"start":{"line":68,"column":21},"end":{"line":68,"column":33}}]},"6":{"loc":{"start":{"line":75,"column":9},"end":{"line":75,"column":38}},"type":"binary-expr","locations":[{"start":{"line":75,"column":9},"end":{"line":75,"column":30}},{"start":{"line":75,"column":34},"end":{"line":75,"column":38}}]},"7":{"loc":{"start":{"line":79,"column":2},"end":{"line":79,"column":31}},"type":"if","locations":[{"start":{"line":79,"column":2},"end":{"line":79,"column":31}}]},"8":{"loc":{"start":{"line":82,"column":9},"end":{"line":82,"column":50}},"type":"cond-expr","locations":[{"start":{"line":82,"column":14},"end":{"line":82,"column":43}},{"start":{"line":82,"column":46},"end":{"line":82,"column":50}}]},"9":{"loc":{"start":{"line":82,"column":14},"end":{"line":82,"column":43}},"type":"binary-expr","locations":[{"start":{"line":82,"column":14},"end":{"line":82,"column":35}},{"start":{"line":82,"column":39},"end":{"line":82,"column":43}}]},"10":{"loc":{"start":{"line":93,"column":2},"end":{"line":93,"column":26}},"type":"if","locations":[{"start":{"line":93,"column":2},"end":{"line":93,"column":26}}]},"11":{"loc":{"start":{"line":102,"column":3},"end":{"line":106,"column":4}},"type":"if","locations":[{"start":{"line":102,"column":3},"end":{"line":106,"column":4}},{"start":{"line":104,"column":10},"end":{"line":106,"column":4}}]},"12":{"loc":{"start":{"line":109,"column":3},"end":{"line":111,"column":4}},"type":"if","locations":[{"start":{"line":109,"column":3},"end":{"line":111,"column":4}}]},"13":{"loc":{"start":{"line":133,"column":1},"end":{"line":148,"column":2}},"type":"if","locations":[{"start":{"line":133,"column":1},"end":{"line":148,"column":2}},{"start":{"line":145,"column":8},"end":{"line":148,"column":2}}]}},"s":{"0":0,"1":0,"2":0,"3":0,"4":0,"5":0,"6":0,"7":0,"8":0,"9":0,"10":0,"11":0,"12":0,"13":0,"14":0,"15":0,"16":0,"17":0,"18":0,"19":0,"20":0,"21":0,"22":0,"23":0,"24":0,"25":0,"26":0,"27":0,"28":0,"29":0,"30":0,"31":0,"32":0,"33":0,"34":0,"35":0,"36":0,"37":0,"38":0,"39":0,"40":0,"41":0,"42":0,"43":0,"44":0,"45":0,"46":0,"47":0,"48":0,"49":0,"50":0,"51":0,"52":0,"53":0,"54":0,"55":0,"56":0},"f":{"0":0,"1":0,"2":0,"3":0,"4":0,"5":0,"6":0,"7":0,"8":0,"9":0,"10":0},"b":{"0":[0],"1":[0],"2":[0],"3":[0],"4":[0],"5":[0,0],"6":[0,0],"7":[0],"8":[0,0],"9":[0,0],"10":[0],"11":[0,0],"12":[0],"13":[0,0]}}
,"/workspaces/obsidian-sample-plugin/src/core/metadata/indexFile.ts": {"path":"/workspaces/obsidian-sample-plugin/src/core/metadata/indexFile.ts","statementMap":{"0":{"start":{"line":17,"column":36},"end":{"line":23,"column":3}},"1":{"start":{"line":25,"column":1},"end":{"line":45,"column":2}},"2":{"start":{"line":27,"column":2},"end":{"line":27,"column":59}},"3":{"start":{"line":30,"column":2},"end":{"line":36,"column":3}},"4":{"start":{"line":31,"column":21},"end":{"line":31,"column":51}},"5":{"start":{"line":32,"column":3},"end":{"line":34,"column":4}},"6":{"start":{"line":33,"column":4},"end":{"line":33,"column":46}},"7":{"start":{"line":35,"column":3},"end":{"line":35,"column":60}},"8":{"start":{"line":39,"column":2},"end":{"line":44,"column":3}},"9":{"start":{"line":40,"column":3},"end":{"line":42,"column":4}},"10":{"start":{"line":41,"column":4},"end":{"line":41,"column":43}},"11":{"start":{"line":43,"column":3},"end":{"line":43,"column":55}},"12":{"start":{"line":47,"column":1},"end":{"line":47,"column":14}},"13":{"start":{"line":63,"column":19},"end":{"line":69,"column":3}},"14":{"start":{"line":71,"column":19},"end":{"line":71,"column":46}},"15":{"start":{"line":72,"column":19},"end":{"line":72,"column":53}},"16":{"start":{"line":74,"column":1},"end":{"line":84,"column":2}},"17":{"start":{"line":75,"column":23},"end":{"line":75,"column":62}},"18":{"start":{"line":76,"column":2},"end":{"line":80,"column":3}},"19":{"start":{"line":77,"column":3},"end":{"line":77,"column":47}},"20":{"start":{"line":79,"column":3},"end":{"line":79,"column":44}},"21":{"start":{"line":82,"column":2},"end":{"line":82,"column":51}},"22":{"start":{"line":83,"column":2},"end":{"line":83,"column":14}},"23":{"start":{"line":99,"column":19},"end":{"line":99,"column":46}},"24":{"start":{"line":101,"column":1},"end":{"line":121,"column":2}},"25":{"start":{"line":102,"column":15},"end":{"line":102,"column":54}},"26":{"start":{"line":103,"column":2},"end":{"line":106,"column":3}},"27":{"start":{"line":104,"column":3},"end":{"line":104,"column":54}},"28":{"start":{"line":105,"column":3},"end":{"line":105,"column":15}},"29":{"start":{"line":108,"column":18},"end":{"line":108,"column":40}},"30":{"start":{"line":109,"column":15},"end":{"line":109,"column":34}},"31":{"start":{"line":111,"column":2},"end":{"line":117,"column":4}},"32":{"start":{"line":119,"column":2},"end":{"line":119,"column":52}},"33":{"start":{"line":120,"column":2},"end":{"line":120,"column":14}},"34":{"start":{"line":131,"column":1},"end":{"line":131,"column":55}},"35":{"start":{"line":141,"column":1},"end":{"line":141,"column":46}}},"fnMap":{"0":{"name":"buildIndex","decl":{"start":{"line":16,"column":16},"end":{"line":16,"column":26}},"loc":{"start":{"line":16,"column":45},"end":{"line":48,"column":1}}},"1":{"name":"saveIndex","decl":{"start":{"line":57,"column":22},"end":{"line":57,"column":31}},"loc":{"start":{"line":61,"column":17},"end":{"line":85,"column":null}}},"2":{"name":"loadIndex","decl":{"start":{"line":94,"column":22},"end":{"line":94,"column":31}},"loc":{"start":{"line":97,"column":17},"end":{"line":122,"column":null}}},"3":{"name":"findEntityByName","decl":{"start":{"line":130,"column":16},"end":{"line":130,"column":32}},"loc":{"start":{"line":130,"column":73},"end":{"line":132,"column":1}}},"4":{"name":"getEntitiesByGroup","decl":{"start":{"line":140,"column":16},"end":{"line":140,"column":34}},"loc":{"start":{"line":140,"column":80},"end":{"line":142,"column":1}}}},"branchMap":{"0":{"loc":{"start":{"line":30,"column":2},"end":{"line":36,"column":3}},"type":"if","locations":[{"start":{"line":30,"column":2},"end":{"line":36,"column":3}}]},"1":{"loc":{"start":{"line":32,"column":3},"end":{"line":34,"column":4}},"type":"if","locations":[{"start":{"line":32,"column":3},"end":{"line":34,"column":4}}]},"2":{"loc":{"start":{"line":39,"column":2},"end":{"line":44,"column":3}},"type":"if","locations":[{"start":{"line":39,"column":2},"end":{"line":44,"column":3}}]},"3":{"loc":{"start":{"line":40,"column":3},"end":{"line":42,"column":4}},"type":"if","locations":[{"start":{"line":40,"column":3},"end":{"line":42,"column":4}}]},"4":{"loc":{"start":{"line":76,"column":2},"end":{"line":80,"column":3}},"type":"if","locations":[{"start":{"line":76,"column":2},"end":{"line":80,"column":3}},{"start":{"line":78,"column":9},"end":{"line":80,"column":3}}]},"5":{"loc":{"start":{"line":103,"column":2},"end":{"line":106,"column":3}},"type":"if","locations":[{"start":{"line":103,"column":2},"end":{"line":106,"column":3}}]},"6":{"loc":{"start":{"line":112,"column":21},"end":{"line":112,"column":40}},"type":"binary-expr","locations":[{"start":{"line":112,"column":21},"end":{"line":112,"column":34}},{"start":{"line":112,"column":38},"end":{"line":112,"column":40}}]},"7":{"loc":{"start":{"line":113,"column":29},"end":{"line":113,"column":56}},"type":"binary-expr","locations":[{"start":{"line":113,"column":29},"end":{"line":113,"column":50}},{"start":{"line":113,"column":54},"end":{"line":113,"column":56}}]},"8":{"loc":{"start":{"line":114,"column":23},"end":{"line":114,"column":44}},"type":"binary-expr","locations":[{"start":{"line":114,"column":23},"end":{"line":114,"column":38}},{"start":{"line":114,"column":42},"end":{"line":114,"column":44}}]},"9":{"loc":{"start":{"line":115,"column":16},"end":{"line":115,"column":46}},"type":"binary-expr","locations":[{"start":{"line":115,"column":16},"end":{"line":115,"column":32}},{"start":{"line":115,"column":36},"end":{"line":115,"column":46}}]},"10":{"loc":{"start":{"line":116,"column":12},"end":{"line":116,"column":29}},"type":"binary-expr","locations":[{"start":{"line":116,"column":12},"end":{"line":116,"column":24}},{"start":{"line":116,"column":28},"end":{"line":116,"column":29}}]},"11":{"loc":{"start":{"line":131,"column":8},"end":{"line":131,"column":54}},"type":"binary-expr","locations":[{"start":{"line":131,"column":8},"end":{"line":131,"column":46}},{"start":{"line":131,"column":50},"end":{"line":131,"column":54}}]},"12":{"loc":{"start":{"line":141,"column":8},"end":{"line":141,"column":45}},"type":"binary-expr","locations":[{"start":{"line":141,"column":8},"end":{"line":141,"column":39}},{"start":{"line":141,"column":43},"end":{"line":141,"column":45}}]}},"s":{"0":0,"1":0,"2":0,"3":0,"4":0,"5":0,"6":0,"7":0,"8":0,"9":0,"10":0,"11":0,"12":0,"13":0,"14":0,"15":0,"16":0,"17":0,"18":0,"19":0,"20":0,"21":0,"22":0,"23":0,"24":0,"25":0,"26":0,"27":0,"28":0,"29":0,"30":0,"31":0,"32":0,"33":0,"34":0,"35":0},"f":{"0":0,"1":0,"2":0,"3":0,"4":0},"b":{"0":[0],"1":[0],"2":[0],"3":[0],"4":[0,0],"5":[0],"6":[0,0],"7":[0,0],"8":[0,0],"9":[0,0],"10":[0,0],"11":[0,0],"12":[0,0]}}
,"/workspaces/obsidian-sample-plugin/src/core/metadata/masterMetadata.ts": {"path":"/workspaces/obsidian-sample-plugin/src/core/metadata/masterMetadata.ts","statementMap":{"0":{"start":{"line":15,"column":9},"end":{"line":15,"column":50}},"1":{"start":{"line":18,"column":2},"end":{"line":22,"column":4}},"2":{"start":{"line":30,"column":2},"end":{"line":30,"column":37}},"3":{"start":{"line":34,"column":2},"end":{"line":34,"column":40}},"4":{"start":{"line":38,"column":2},"end":{"line":38,"column":43}},"5":{"start":{"line":42,"column":2},"end":{"line":42,"column":43}},"6":{"start":{"line":46,"column":2},"end":{"line":46,"column":35}}},"fnMap":{"0":{"name":"(anonymous_0)","decl":{"start":{"line":17,"column":1},"end":{"line":17,"column":13}},"loc":{"start":{"line":17,"column":51},"end":{"line":23,"column":2}}},"1":{"name":"(anonymous_1)","decl":{"start":{"line":25,"column":7},"end":{"line":25,"column":17}},"loc":{"start":{"line":25,"column":17},"end":{"line":27,"column":null}}},"2":{"name":"(anonymous_3)","decl":{"start":{"line":29,"column":1},"end":{"line":29,"column":10}},"loc":{"start":{"line":29,"column":25},"end":{"line":31,"column":2}}},"3":{"name":"(anonymous_4)","decl":{"start":{"line":33,"column":1},"end":{"line":33,"column":10}},"loc":{"start":{"line":33,"column":21},"end":{"line":35,"column":2}}},"4":{"name":"(anonymous_5)","decl":{"start":{"line":37,"column":1},"end":{"line":37,"column":11}},"loc":{"start":{"line":37,"column":24},"end":{"line":39,"column":2}}},"5":{"name":"(anonymous_6)","decl":{"start":{"line":41,"column":1},"end":{"line":41,"column":15}},"loc":{"start":{"line":41,"column":15},"end":{"line":43,"column":2}}},"6":{"name":"(anonymous_7)","decl":{"start":{"line":45,"column":7},"end":{"line":45,"column":14}},"loc":{"start":{"line":45,"column":14},"end":{"line":47,"column":null}}}},"branchMap":{},"s":{"0":0,"1":0,"2":0,"3":0,"4":0,"5":0,"6":0},"f":{"0":0,"1":0,"2":0,"3":0,"4":0,"5":0,"6":0},"b":{}}
,"/workspaces/obsidian-sample-plugin/src/core/scanner/documentScanner.ts": {"path":"/workspaces/obsidian-sample-plugin/src/core/scanner/documentScanner.ts","statementMap":{"0":{"start":{"line":57,"column":0},"end":{"line":57,"column":22}},"1":{"start":{"line":79,"column":0},"end":{"line":79,"column":16}},"2":{"start":{"line":120,"column":0},"end":{"line":120,"column":16}},"3":{"start":{"line":10,"column":0},"end":{"line":10,"column":44}},"4":{"start":{"line":11,"column":0},"end":{"line":11,"column":78}},"5":{"start":{"line":22,"column":27},"end":{"line":22,"column":79}},"6":{"start":{"line":23,"column":23},"end":{"line":23,"column":45}},"7":{"start":{"line":26,"column":1},"end":{"line":30,"column":2}},"8":{"start":{"line":27,"column":2},"end":{"line":29,"column":3}},"9":{"start":{"line":28,"column":3},"end":{"line":28,"column":15}},"10":{"start":{"line":33,"column":19},"end":{"line":33,"column":46}},"11":{"start":{"line":34,"column":1},"end":{"line":34,"column":35}},"12":{"start":{"line":34,"column":22},"end":{"line":34,"column":35}},"13":{"start":{"line":37,"column":24},"end":{"line":37,"column":79}},"14":{"start":{"line":38,"column":21},"end":{"line":38,"column":47}},"15":{"start":{"line":41,"column":1},"end":{"line":41,"column":38}},"16":{"start":{"line":41,"column":25},"end":{"line":41,"column":38}},"17":{"start":{"line":44,"column":22},"end":{"line":44,"column":83}},"18":{"start":{"line":45,"column":19},"end":{"line":45,"column":43}},"19":{"start":{"line":48,"column":1},"end":{"line":48,"column":25}},"20":{"start":{"line":58,"column":19},"end":{"line":58,"column":46}},"21":{"start":{"line":59,"column":16},"end":{"line":59,"column":38}},"22":{"start":{"line":60,"column":23},"end":{"line":60,"column":52}},"23":{"start":{"line":61,"column":19},"end":{"line":61,"column":56}},"24":{"start":{"line":63,"column":1},"end":{"line":70,"column":3}},"25":{"start":{"line":83,"column":22},"end":{"line":83,"column":68}},"26":{"start":{"line":84,"column":17},"end":{"line":84,"column":53}},"27":{"start":{"line":86,"column":42},"end":{"line":92,"column":3}},"28":{"start":{"line":94,"column":12},"end":{"line":94,"column":19}},"29":{"start":{"line":95,"column":1},"end":{"line":108,"column":2}},"30":{"start":{"line":96,"column":2},"end":{"line":96,"column":31}},"31":{"start":{"line":96,"column":22},"end":{"line":96,"column":31}},"32":{"start":{"line":98,"column":2},"end":{"line":107,"column":3}},"33":{"start":{"line":99,"column":3},"end":{"line":99,"column":23}},"34":{"start":{"line":100,"column":3},"end":{"line":102,"column":6}},"35":{"start":{"line":101,"column":4},"end":{"line":101,"column":25}},"36":{"start":{"line":103,"column":9},"end":{"line":107,"column":3}},"37":{"start":{"line":104,"column":3},"end":{"line":104,"column":34}},"38":{"start":{"line":106,"column":3},"end":{"line":106,"column":32}},"39":{"start":{"line":109,"column":1},"end":{"line":109,"column":17}},"40":{"start":{"line":111,"column":1},"end":{"line":111,"column":13}},"41":{"start":{"line":122,"column":1},"end":{"line":127,"column":2}},"42":{"start":{"line":123,"column":20},"end":{"line":123,"column":45}},"43":{"start":{"line":124,"column":2},"end":{"line":126,"column":3}},"44":{"start":{"line":125,"column":3},"end":{"line":125,"column":53}},"45":{"start":{"line":129,"column":1},"end":{"line":129,"column":37}}},"fnMap":{"0":{"name":"detectChapter","decl":{"start":{"line":21,"column":9},"end":{"line":21,"column":22}},"loc":{"start":{"line":21,"column":56},"end":{"line":49,"column":1}}},"1":{"name":"scanMarkdown","decl":{"start":{"line":57,"column":22},"end":{"line":57,"column":34}},"loc":{"start":{"line":57,"column":63},"end":{"line":71,"column":null}}},"2":{"name":"generateFrontmatter","decl":{"start":{"line":79,"column":16},"end":{"line":79,"column":35}},"loc":{"start":{"line":81,"column":30},"end":{"line":112,"column":1}}},"3":{"name":"(anonymous_4)","decl":{"start":{"line":100,"column":17},"end":{"line":100,"column":18}},"loc":{"start":{"line":100,"column":23},"end":{"line":102,"column":4}}},"4":{"name":"prependFrontmatter","decl":{"start":{"line":120,"column":16},"end":{"line":120,"column":34}},"loc":{"start":{"line":120,"column":71},"end":{"line":130,"column":1}}}},"branchMap":{"0":{"loc":{"start":{"line":27,"column":2},"end":{"line":29,"column":3}},"type":"if","locations":[{"start":{"line":27,"column":2},"end":{"line":29,"column":3}}]},"1":{"loc":{"start":{"line":34,"column":1},"end":{"line":34,"column":35}},"type":"if","locations":[{"start":{"line":34,"column":1},"end":{"line":34,"column":35}}]},"2":{"loc":{"start":{"line":37,"column":25},"end":{"line":37,"column":71}},"type":"binary-expr","locations":[{"start":{"line":37,"column":25},"end":{"line":37,"column":65}},{"start":{"line":37,"column":69},"end":{"line":37,"column":71}}]},"3":{"loc":{"start":{"line":41,"column":1},"end":{"line":41,"column":38}},"type":"if","locations":[{"start":{"line":41,"column":1},"end":{"line":41,"column":38}}]},"4":{"loc":{"start":{"line":44,"column":23},"end":{"line":44,"column":75}},"type":"binary-expr","locations":[{"start":{"line":44,"column":23},"end":{"line":44,"column":69}},{"start":{"line":44,"column":73},"end":{"line":44,"column":75}}]},"5":{"loc":{"start":{"line":81,"column":1},"end":{"line":81,"column":30}},"type":"default-arg","locations":[{"start":{"line":81,"column":28},"end":{"line":81,"column":30}}]},"6":{"loc":{"start":{"line":91,"column":8},"end":{"line":91,"column":43}},"type":"cond-expr","locations":[{"start":{"line":91,"column":29},"end":{"line":91,"column":36}},{"start":{"line":91,"column":39},"end":{"line":91,"column":43}}]},"7":{"loc":{"start":{"line":96,"column":2},"end":{"line":96,"column":31}},"type":"if","locations":[{"start":{"line":96,"column":2},"end":{"line":96,"column":31}}]},"8":{"loc":{"start":{"line":98,"column":2},"end":{"line":107,"column":3}},"type":"if","locations":[{"start":{"line":98,"column":2},"end":{"line":107,"column":3}},{"start":{"line":103,"column":9},"end":{"line":107,"column":3}}]},"9":{"loc":{"start":{"line":103,"column":9},"end":{"line":107,"column":3}},"type":"if","locations":[{"start":{"line":103,"column":9},"end":{"line":107,"column":3}},{"start":{"line":105,"column":9},"end":{"line":107,"column":3}}]},"10":{"loc":{"start":{"line":122,"column":1},"end":{"line":127,"column":2}},"type":"if","locations":[{"start":{"line":122,"column":1},"end":{"line":127,"column":2}}]},"11":{"loc":{"start":{"line":124,"column":2},"end":{"line":126,"column":3}},"type":"if","locations":[{"start":{"line":124,"column":2},"end":{"line":126,"column":3}}]}},"s":{"0":1,"1":1,"2":1,"3":1,"4":1,"5":0,"6":0,"7":0,"8":0,"9":0,"10":0,"11":0,"12":0,"13":0,"14":0,"15":0,"16":0,"17":0,"18":0,"19":0,"20":0,"21":0,"22":0,"23":0,"24":0,"25":18,"26":18,"27":18,"28":18,"29":18,"30":90,"31":1,"32":89,"33":17,"34":17,"35":42,"36":72,"37":36,"38":36,"39":18,"40":18,"41":14,"42":5,"43":5,"44":4,"45":14},"f":{"0":0,"1":0,"2":18,"3":42,"4":14},"b":{"0":[0],"1":[0],"2":[0,0],"3":[0],"4":[0,0],"5":[13],"6":[17,1],"7":[1],"8":[17,72],"9":[36,36],"10":[5],"11":[4]}}
,"/workspaces/obsidian-sample-plugin/src/core/scanner/docxConverter.ts": {"path":"/workspaces/obsidian-sample-plugin/src/core/scanner/docxConverter.ts","statementMap":{"0":{"start":{"line":20,"column":1},"end":{"line":30,"column":2}},"1":{"start":{"line":25,"column":2},"end":{"line":25,"column":70}},"2":{"start":{"line":26,"column":2},"end":{"line":26,"column":12}},"3":{"start":{"line":28,"column":2},"end":{"line":28,"column":66}},"4":{"start":{"line":29,"column":2},"end":{"line":29,"column":14}},"5":{"start":{"line":45,"column":1},"end":{"line":60,"column":2}},"6":{"start":{"line":46,"column":19},"end":{"line":46,"column":73}},"7":{"start":{"line":47,"column":19},"end":{"line":47,"column":35}},"8":{"start":{"line":49,"column":15},"end":{"line":49,"column":44}},"9":{"start":{"line":50,"column":2},"end":{"line":54,"column":3}},"10":{"start":{"line":51,"column":3},"end":{"line":51,"column":38}},"11":{"start":{"line":53,"column":3},"end":{"line":53,"column":42}},"12":{"start":{"line":56,"column":2},"end":{"line":56,"column":18}},"13":{"start":{"line":58,"column":2},"end":{"line":58,"column":73}},"14":{"start":{"line":59,"column":2},"end":{"line":59,"column":14}}},"fnMap":{"0":{"name":"convertDocxToMarkdown","decl":{"start":{"line":16,"column":22},"end":{"line":16,"column":43}},"loc":{"start":{"line":18,"column":17},"end":{"line":31,"column":null}}},"1":{"name":"createMarkdownFromDocx","decl":{"start":{"line":40,"column":22},"end":{"line":40,"column":44}},"loc":{"start":{"line":43,"column":17},"end":{"line":61,"column":null}}}},"branchMap":{"0":{"loc":{"start":{"line":50,"column":2},"end":{"line":54,"column":3}},"type":"if","locations":[{"start":{"line":50,"column":2},"end":{"line":54,"column":3}},{"start":{"line":52,"column":9},"end":{"line":54,"column":3}}]}},"s":{"0":0,"1":0,"2":0,"3":0,"4":0,"5":0,"6":0,"7":0,"8":0,"9":0,"10":0,"11":0,"12":0,"13":0,"14":0},"f":{"0":0,"1":0},"b":{"0":[0,0]}}
,"/workspaces/obsidian-sample-plugin/src/core/scanner/temporalTagger.ts": {"path":"/workspaces/obsidian-sample-plugin/src/core/scanner/temporalTagger.ts","statementMap":{"0":{"start":{"line":25,"column":0},"end":{"line":25,"column":16}},"1":{"start":{"line":67,"column":0},"end":{"line":67,"column":16}},"2":{"start":{"line":96,"column":0},"end":{"line":96,"column":16}},"3":{"start":{"line":11,"column":26},"end":{"line":18,"column":2}},"4":{"start":{"line":26,"column":31},"end":{"line":26,"column":33}},"5":{"start":{"line":27,"column":15},"end":{"line":27,"column":31}},"6":{"start":{"line":28,"column":18},"end":{"line":28,"column":19}},"7":{"start":{"line":30,"column":1},"end":{"line":56,"column":2}},"8":{"start":{"line":31,"column":2},"end":{"line":31,"column":15}},"9":{"start":{"line":32,"column":20},"end":{"line":32,"column":38}},"10":{"start":{"line":34,"column":2},"end":{"line":55,"column":3}},"11":{"start":{"line":35,"column":3},"end":{"line":54,"column":4}},"12":{"start":{"line":36,"column":18},"end":{"line":36,"column":54}},"13":{"start":{"line":39,"column":4},"end":{"line":53,"column":5}},"14":{"start":{"line":42,"column":6},"end":{"line":43,"column":48}},"15":{"start":{"line":45,"column":5},"end":{"line":52,"column":6}},"16":{"start":{"line":46,"column":6},"end":{"line":51,"column":9}},"17":{"start":{"line":58,"column":1},"end":{"line":58,"column":14}},"18":{"start":{"line":68,"column":14},"end":{"line":68,"column":18}},"19":{"start":{"line":69,"column":14},"end":{"line":69,"column":15}},"20":{"start":{"line":72,"column":21},"end":{"line":72,"column":71}},"21":{"start":{"line":72,"column":47},"end":{"line":72,"column":70}},"22":{"start":{"line":74,"column":1},"end":{"line":86,"column":2}},"23":{"start":{"line":75,"column":2},"end":{"line":75,"column":32}},"24":{"start":{"line":75,"column":23},"end":{"line":75,"column":32}},"25":{"start":{"line":77,"column":20},"end":{"line":77,"column":29}},"26":{"start":{"line":78,"column":21},"end":{"line":78,"column":39}},"27":{"start":{"line":79,"column":19},"end":{"line":79,"column":41}},"28":{"start":{"line":82,"column":2},"end":{"line":85,"column":3}},"29":{"start":{"line":83,"column":3},"end":{"line":83,"column":103}},"30":{"start":{"line":84,"column":3},"end":{"line":84,"column":50}},"31":{"start":{"line":88,"column":1},"end":{"line":88,"column":15}},"32":{"start":{"line":97,"column":14},"end":{"line":97,"column":31}},"33":{"start":{"line":99,"column":1},"end":{"line":106,"column":2}},"34":{"start":{"line":100,"column":2},"end":{"line":105,"column":3}},"35":{"start":{"line":101,"column":3},"end":{"line":104,"column":4}},"36":{"start":{"line":102,"column":4},"end":{"line":102,"column":37}},"37":{"start":{"line":103,"column":4},"end":{"line":103,"column":10}},"38":{"start":{"line":108,"column":1},"end":{"line":108,"column":25}}},"fnMap":{"0":{"name":"extractTemporalTerms","decl":{"start":{"line":25,"column":16},"end":{"line":25,"column":36}},"loc":{"start":{"line":25,"column":49},"end":{"line":59,"column":1}}},"1":{"name":"wikiLinkTemporalTerms","decl":{"start":{"line":67,"column":16},"end":{"line":67,"column":37}},"loc":{"start":{"line":67,"column":73},"end":{"line":89,"column":1}}},"2":{"name":"(anonymous_2)","decl":{"start":{"line":72,"column":37},"end":{"line":72,"column":38}},"loc":{"start":{"line":72,"column":47},"end":{"line":72,"column":70}}},"3":{"name":"generateTemporalTags","decl":{"start":{"line":96,"column":16},"end":{"line":96,"column":36}},"loc":{"start":{"line":96,"column":58},"end":{"line":109,"column":1}}}},"branchMap":{"0":{"loc":{"start":{"line":42,"column":6},"end":{"line":43,"column":48}},"type":"binary-expr","locations":[{"start":{"line":42,"column":6},"end":{"line":42,"column":21}},{"start":{"line":42,"column":25},"end":{"line":42,"column":54}},{"start":{"line":43,"column":6},"end":{"line":43,"column":48}}]},"1":{"loc":{"start":{"line":45,"column":5},"end":{"line":52,"column":6}},"type":"if","locations":[{"start":{"line":45,"column":5},"end":{"line":52,"column":6}}]},"2":{"loc":{"start":{"line":75,"column":2},"end":{"line":75,"column":32}},"type":"if","locations":[{"start":{"line":75,"column":2},"end":{"line":75,"column":32}}]},"3":{"loc":{"start":{"line":82,"column":2},"end":{"line":85,"column":3}},"type":"if","locations":[{"start":{"line":82,"column":2},"end":{"line":85,"column":3}}]},"4":{"loc":{"start":{"line":82,"column":6},"end":{"line":82,"column":67}},"type":"binary-expr","locations":[{"start":{"line":82,"column":6},"end":{"line":82,"column":19}},{"start":{"line":82,"column":23},"end":{"line":82,"column":67}}]},"5":{"loc":{"start":{"line":101,"column":3},"end":{"line":104,"column":4}},"type":"if","locations":[{"start":{"line":101,"column":3},"end":{"line":104,"column":4}}]}},"s":{"0":2,"1":2,"2":2,"3":2,"4":33,"5":33,"6":33,"7":33,"8":47,"9":47,"10":47,"11":282,"12":1880,"13":1880,"14":103,"15":103,"16":101,"17":33,"18":10,"19":10,"20":10,"21":25,"22":10,"23":24,"24":0,"25":24,"26":24,"27":24,"28":24,"29":24,"30":24,"31":10,"32":31,"33":31,"34":85,"35":190,"36":85,"37":85,"38":31},"f":{"0":33,"1":10,"2":25,"3":31},"b":{"0":[103,85,2],"1":[101],"2":[0],"3":[24],"4":[24,24],"5":[85]}}
,"/workspaces/obsidian-sample-plugin/src/core/scanner/tokenizer.ts": {"path":"/workspaces/obsidian-sample-plugin/src/core/scanner/tokenizer.ts","statementMap":{"0":{"start":{"line":26,"column":0},"end":{"line":26,"column":16}},"1":{"start":{"line":67,"column":0},"end":{"line":67,"column":16}},"2":{"start":{"line":77,"column":0},"end":{"line":77,"column":16}},"3":{"start":{"line":11,"column":19},"end":{"line":19,"column":2}},"4":{"start":{"line":27,"column":16},"end":{"line":27,"column":73}},"5":{"start":{"line":30,"column":15},"end":{"line":30,"column":44}},"6":{"start":{"line":32,"column":18},"end":{"line":32,"column":19}},"7":{"start":{"line":33,"column":1},"end":{"line":48,"column":2}},"8":{"start":{"line":34,"column":21},"end":{"line":34,"column":39}},"9":{"start":{"line":37,"column":2},"end":{"line":40,"column":3}},"10":{"start":{"line":38,"column":3},"end":{"line":38,"column":33}},"11":{"start":{"line":39,"column":3},"end":{"line":39,"column":12}},"12":{"start":{"line":42,"column":19},"end":{"line":42,"column":72}},"13":{"start":{"line":43,"column":2},"end":{"line":43,"column":19}},"14":{"start":{"line":44,"column":2},"end":{"line":44,"column":58}},"15":{"start":{"line":46,"column":2},"end":{"line":46,"column":35}},"16":{"start":{"line":47,"column":2},"end":{"line":47,"column":32}},"17":{"start":{"line":51,"column":25},"end":{"line":55,"column":4}},"18":{"start":{"line":51,"column":77},"end":{"line":55,"column":3}},"19":{"start":{"line":57,"column":1},"end":{"line":57,"column":50}},"20":{"start":{"line":57,"column":23},"end":{"line":57,"column":48}},"21":{"start":{"line":58,"column":1},"end":{"line":58,"column":15}},"22":{"start":{"line":68,"column":1},"end":{"line":68,"column":58}},"23":{"start":{"line":68,"column":29},"end":{"line":68,"column":56}},"24":{"start":{"line":78,"column":1},"end":{"line":78,"column":30}}},"fnMap":{"0":{"name":"extractTokens","decl":{"start":{"line":26,"column":16},"end":{"line":26,"column":29}},"loc":{"start":{"line":26,"column":42},"end":{"line":59,"column":1}}},"1":{"name":"(anonymous_1)","decl":{"start":{"line":51,"column":58},"end":{"line":51,"column":59}},"loc":{"start":{"line":51,"column":77},"end":{"line":55,"column":3}}},"2":{"name":"(anonymous_2)","decl":{"start":{"line":57,"column":13},"end":{"line":57,"column":14}},"loc":{"start":{"line":57,"column":23},"end":{"line":57,"column":48}}},"3":{"name":"filterByFrequency","decl":{"start":{"line":67,"column":16},"end":{"line":67,"column":33}},"loc":{"start":{"line":67,"column":71},"end":{"line":69,"column":1}}},"4":{"name":"(anonymous_4)","decl":{"start":{"line":68,"column":22},"end":{"line":68,"column":23}},"loc":{"start":{"line":68,"column":29},"end":{"line":68,"column":56}}},"5":{"name":"getTopTokens","decl":{"start":{"line":77,"column":16},"end":{"line":77,"column":28}},"loc":{"start":{"line":77,"column":58},"end":{"line":79,"column":1}}}},"branchMap":{"0":{"loc":{"start":{"line":30,"column":15},"end":{"line":30,"column":44}},"type":"binary-expr","locations":[{"start":{"line":30,"column":15},"end":{"line":30,"column":38}},{"start":{"line":30,"column":42},"end":{"line":30,"column":44}}]},"1":{"loc":{"start":{"line":37,"column":2},"end":{"line":40,"column":3}},"type":"if","locations":[{"start":{"line":37,"column":2},"end":{"line":40,"column":3}}]},"2":{"loc":{"start":{"line":37,"column":6},"end":{"line":37,"column":57}},"type":"binary-expr","locations":[{"start":{"line":37,"column":6},"end":{"line":37,"column":32}},{"start":{"line":37,"column":36},"end":{"line":37,"column":57}}]},"3":{"loc":{"start":{"line":42,"column":19},"end":{"line":42,"column":72}},"type":"binary-expr","locations":[{"start":{"line":42,"column":19},"end":{"line":42,"column":41}},{"start":{"line":42,"column":45},"end":{"line":42,"column":72}}]}},"s":{"0":2,"1":2,"2":2,"3":2,"4":18,"5":18,"6":18,"7":18,"8":10112,"9":10112,"10":42,"11":42,"12":10070,"13":10070,"14":10070,"15":10070,"16":10070,"17":18,"18":48,"19":18,"20":63,"21":18,"22":6,"23":17,"24":7},"f":{"0":18,"1":48,"2":63,"3":6,"4":17,"5":7},"b":{"0":[18,2],"1":[42],"2":[10112,10070],"3":[10070,48]}}
,"/workspaces/obsidian-sample-plugin/src/migrations/v1.ts": {"path":"/workspaces/obsidian-sample-plugin/src/migrations/v1.ts","statementMap":{"0":{"start":{"line":11,"column":26},"end":{"line":14,"column":2}}},"fnMap":{},"branchMap":{},"s":{"0":0},"f":{},"b":{}}
,"/workspaces/obsidian-sample-plugin/src/protocol/fileStructure.ts": {"path":"/workspaces/obsidian-sample-plugin/src/protocol/fileStructure.ts","statementMap":{"0":{"start":{"line":12,"column":31},"end":{"line":16,"column":2}}},"fnMap":{},"branchMap":{},"s":{"0":0},"f":{},"b":{}}
,"/workspaces/obsidian-sample-plugin/src/protocol/logManager.ts": {"path":"/workspaces/obsidian-sample-plugin/src/protocol/logManager.ts","statementMap":{"0":{"start":{"line":34,"column":1},"end":{"line":58,"column":2}},"1":{"start":{"line":35,"column":20},"end":{"line":35,"column":44}},"2":{"start":{"line":36,"column":15},"end":{"line":36,"column":53}},"3":{"start":{"line":37,"column":20},"end":{"line":37,"column":50}},"4":{"start":{"line":38,"column":18},"end":{"line":38,"column":43}},"5":{"start":{"line":40,"column":16},"end":{"line":40,"column":49}},"6":{"start":{"line":43,"column":16},"end":{"line":43,"column":60}},"7":{"start":{"line":44,"column":18},"end":{"line":44,"column":96}},"8":{"start":{"line":47,"column":15},"end":{"line":47,"column":43}},"9":{"start":{"line":48,"column":2},"end":{"line":55,"column":3}},"10":{"start":{"line":49,"column":20},"end":{"line":49,"column":42}},"11":{"start":{"line":50,"column":3},"end":{"line":50,"column":49}},"12":{"start":{"line":51,"column":3},"end":{"line":51,"column":37}},"13":{"start":{"line":53,"column":3},"end":{"line":53,"column":46}},"14":{"start":{"line":54,"column":3},"end":{"line":54,"column":40}},"15":{"start":{"line":57,"column":2},"end":{"line":57,"column":56}}},"fnMap":{"0":{"name":"log","decl":{"start":{"line":27,"column":22},"end":{"line":27,"column":25}},"loc":{"start":{"line":32,"column":27},"end":{"line":59,"column":null}}}},"branchMap":{"0":{"loc":{"start":{"line":44,"column":18},"end":{"line":44,"column":96}},"type":"cond-expr","locations":[{"start":{"line":44,"column":25},"end":{"line":44,"column":91}},{"start":{"line":44,"column":94},"end":{"line":44,"column":96}}]},"1":{"loc":{"start":{"line":48,"column":2},"end":{"line":55,"column":3}},"type":"if","locations":[{"start":{"line":48,"column":2},"end":{"line":55,"column":3}},{"start":{"line":52,"column":9},"end":{"line":55,"column":3}}]}},"s":{"0":0,"1":0,"2":0,"3":0,"4":0,"5":0,"6":0,"7":0,"8":0,"9":0,"10":0,"11":0,"12":0,"13":0,"14":0,"15":0},"f":{"0":0},"b":{"0":[0,0],"1":[0,0]}}
,"/workspaces/obsidian-sample-plugin/src/protocol/protocolManager.ts": {"path":"/workspaces/obsidian-sample-plugin/src/protocol/protocolManager.ts","statementMap":{"0":{"start":{"line":19,"column":20},"end":{"line":19,"column":47}},"1":{"start":{"line":21,"column":1},"end":{"line":49,"column":2}},"2":{"start":{"line":23,"column":15},"end":{"line":23,"column":48}},"3":{"start":{"line":24,"column":2},"end":{"line":26,"column":3}},"4":{"start":{"line":25,"column":3},"end":{"line":25,"column":49}},"5":{"start":{"line":29,"column":24},"end":{"line":35,"column":4}},"6":{"start":{"line":37,"column":2},"end":{"line":43,"column":3}},"7":{"start":{"line":38,"column":19},"end":{"line":38,"column":52}},"8":{"start":{"line":39,"column":20},"end":{"line":39,"column":50}},"9":{"start":{"line":40,"column":3},"end":{"line":42,"column":4}},"10":{"start":{"line":41,"column":4},"end":{"line":41,"column":38}},"11":{"start":{"line":45,"column":2},"end":{"line":45,"column":63}},"12":{"start":{"line":47,"column":2},"end":{"line":47,"column":62}},"13":{"start":{"line":48,"column":2},"end":{"line":48,"column":14}},"14":{"start":{"line":59,"column":1},"end":{"line":66,"column":2}},"15":{"start":{"line":60,"column":17},"end":{"line":60,"column":67}},"16":{"start":{"line":61,"column":2},"end":{"line":63,"column":3}},"17":{"start":{"line":62,"column":3},"end":{"line":62,"column":51}},"18":{"start":{"line":65,"column":2},"end":{"line":65,"column":68}},"19":{"start":{"line":73,"column":1},"end":{"line":73,"column":36}},"20":{"start":{"line":83,"column":1},"end":{"line":83,"column":58}}},"fnMap":{"0":{"name":"initializeProtocolFolder","decl":{"start":{"line":15,"column":22},"end":{"line":15,"column":46}},"loc":{"start":{"line":17,"column":25},"end":{"line":50,"column":null}}},"1":{"name":"ensureProtocolStructure","decl":{"start":{"line":55,"column":22},"end":{"line":55,"column":45}},"loc":{"start":{"line":57,"column":25},"end":{"line":67,"column":null}}},"2":{"name":"getProtocolFolderPath","decl":{"start":{"line":72,"column":16},"end":{"line":72,"column":37}},"loc":{"start":{"line":72,"column":62},"end":{"line":74,"column":1}}},"3":{"name":"getLogPath","decl":{"start":{"line":79,"column":16},"end":{"line":79,"column":26}},"loc":{"start":{"line":81,"column":115},"end":{"line":84,"column":1}}}},"branchMap":{"0":{"loc":{"start":{"line":24,"column":2},"end":{"line":26,"column":3}},"type":"if","locations":[{"start":{"line":24,"column":2},"end":{"line":26,"column":3}}]},"1":{"loc":{"start":{"line":40,"column":3},"end":{"line":42,"column":4}},"type":"if","locations":[{"start":{"line":40,"column":3},"end":{"line":42,"column":4}}]},"2":{"loc":{"start":{"line":61,"column":2},"end":{"line":63,"column":3}},"type":"if","locations":[{"start":{"line":61,"column":2},"end":{"line":63,"column":3}}]}},"s":{"0":0,"1":0,"2":0,"3":0,"4":0,"5":0,"6":0,"7":0,"8":0,"9":0,"10":0,"11":0,"12":0,"13":0,"14":0,"15":0,"16":0,"17":0,"18":0,"19":0,"20":0},"f":{"0":0,"1":0,"2":0,"3":0},"b":{"0":[0],"1":[0],"2":[0]}}
,"/workspaces/obsidian-sample-plugin/src/ui/commands/commands.ts": {"path":"/workspaces/obsidian-sample-plugin/src/ui/commands/commands.ts","statementMap":{"0":{"start":{"line":12,"column":1},"end":{"line":18,"column":4}},"1":{"start":{"line":21,"column":1},"end":{"line":27,"column":4}},"2":{"start":{"line":30,"column":1},"end":{"line":36,"column":4}},"3":{"start":{"line":39,"column":1},"end":{"line":45,"column":4}}},"fnMap":{"0":{"name":"registerCommands","decl":{"start":{"line":10,"column":16},"end":{"line":10,"column":32}},"loc":{"start":{"line":10,"column":47},"end":{"line":46,"column":1}}},"1":{"name":"(anonymous_1)","decl":{"start":{"line":15,"column":12},"end":{"line":15,"column":15}},"loc":{"start":{"line":15,"column":17},"end":{"line":17,"column":3}}},"2":{"name":"(anonymous_2)","decl":{"start":{"line":24,"column":12},"end":{"line":24,"column":15}},"loc":{"start":{"line":24,"column":17},"end":{"line":26,"column":3}}},"3":{"name":"(anonymous_3)","decl":{"start":{"line":33,"column":12},"end":{"line":33,"column":15}},"loc":{"start":{"line":33,"column":17},"end":{"line":35,"column":3}}},"4":{"name":"(anonymous_4)","decl":{"start":{"line":42,"column":12},"end":{"line":42,"column":15}},"loc":{"start":{"line":42,"column":17},"end":{"line":44,"column":3}}}},"branchMap":{},"s":{"0":0,"1":0,"2":0,"3":0},"f":{"0":0,"1":0,"2":0,"3":0,"4":0},"b":{}}
,"/workspaces/obsidian-sample-plugin/src/ui/modals/descriptionModal.ts": {"path":"/workspaces/obsidian-sample-plugin/src/ui/modals/descriptionModal.ts","statementMap":{"0":{"start":{"line":12,"column":2},"end":{"line":12,"column":13}}},"fnMap":{"0":{"name":"(anonymous_0)","decl":{"start":{"line":11,"column":1},"end":{"line":11,"column":13}},"loc":{"start":{"line":11,"column":21},"end":{"line":13,"column":2}}},"1":{"name":"(anonymous_1)","decl":{"start":{"line":15,"column":1},"end":{"line":15,"column":7}},"loc":{"start":{"line":15,"column":7},"end":{"line":17,"column":2}}},"2":{"name":"(anonymous_2)","decl":{"start":{"line":19,"column":1},"end":{"line":19,"column":8}},"loc":{"start":{"line":19,"column":8},"end":{"line":21,"column":2}}}},"branchMap":{},"s":{"0":0},"f":{"0":0,"1":0,"2":0},"b":{}}
,"/workspaces/obsidian-sample-plugin/src/ui/modals/keyTermModal.ts": {"path":"/workspaces/obsidian-sample-plugin/src/ui/modals/keyTermModal.ts","statementMap":{"0":{"start":{"line":12,"column":2},"end":{"line":12,"column":13}}},"fnMap":{"0":{"name":"(anonymous_0)","decl":{"start":{"line":11,"column":1},"end":{"line":11,"column":13}},"loc":{"start":{"line":11,"column":21},"end":{"line":13,"column":2}}},"1":{"name":"(anonymous_1)","decl":{"start":{"line":15,"column":1},"end":{"line":15,"column":7}},"loc":{"start":{"line":15,"column":7},"end":{"line":17,"column":2}}},"2":{"name":"(anonymous_2)","decl":{"start":{"line":19,"column":1},"end":{"line":19,"column":8}},"loc":{"start":{"line":19,"column":8},"end":{"line":21,"column":2}}}},"branchMap":{},"s":{"0":0},"f":{"0":0,"1":0,"2":0},"b":{}}
,"/workspaces/obsidian-sample-plugin/src/ui/modals/metadataReviewModal.ts": {"path":"/workspaces/obsidian-sample-plugin/src/ui/modals/metadataReviewModal.ts","statementMap":{"0":{"start":{"line":12,"column":2},"end":{"line":12,"column":13}}},"fnMap":{"0":{"name":"(anonymous_0)","decl":{"start":{"line":11,"column":1},"end":{"line":11,"column":13}},"loc":{"start":{"line":11,"column":21},"end":{"line":13,"column":2}}},"1":{"name":"(anonymous_1)","decl":{"start":{"line":15,"column":1},"end":{"line":15,"column":7}},"loc":{"start":{"line":15,"column":7},"end":{"line":17,"column":2}}},"2":{"name":"(anonymous_2)","decl":{"start":{"line":19,"column":1},"end":{"line":19,"column":8}},"loc":{"start":{"line":19,"column":8},"end":{"line":21,"column":2}}}},"branchMap":{},"s":{"0":0},"f":{"0":0,"1":0,"2":0},"b":{}}
,"/workspaces/obsidian-sample-plugin/src/ui/modals/subMetadataModal.ts": {"path":"/workspaces/obsidian-sample-plugin/src/ui/modals/subMetadataModal.ts","statementMap":{"0":{"start":{"line":12,"column":2},"end":{"line":12,"column":13}}},"fnMap":{"0":{"name":"(anonymous_0)","decl":{"start":{"line":11,"column":1},"end":{"line":11,"column":13}},"loc":{"start":{"line":11,"column":21},"end":{"line":13,"column":2}}},"1":{"name":"(anonymous_1)","decl":{"start":{"line":15,"column":1},"end":{"line":15,"column":7}},"loc":{"start":{"line":15,"column":7},"end":{"line":17,"column":2}}},"2":{"name":"(anonymous_2)","decl":{"start":{"line":19,"column":1},"end":{"line":19,"column":8}},"loc":{"start":{"line":19,"column":8},"end":{"line":21,"column":2}}}},"branchMap":{},"s":{"0":0},"f":{"0":0,"1":0,"2":0},"b":{}}
,"/workspaces/obsidian-sample-plugin/src/ui/modals/timelineSnapshotModal.ts": {"path":"/workspaces/obsidian-sample-plugin/src/ui/modals/timelineSnapshotModal.ts","statementMap":{"0":{"start":{"line":12,"column":2},"end":{"line":12,"column":13}}},"fnMap":{"0":{"name":"(anonymous_0)","decl":{"start":{"line":11,"column":1},"end":{"line":11,"column":13}},"loc":{"start":{"line":11,"column":21},"end":{"line":13,"column":2}}},"1":{"name":"(anonymous_1)","decl":{"start":{"line":15,"column":1},"end":{"line":15,"column":7}},"loc":{"start":{"line":15,"column":7},"end":{"line":17,"column":2}}},"2":{"name":"(anonymous_2)","decl":{"start":{"line":19,"column":1},"end":{"line":19,"column":8}},"loc":{"start":{"line":19,"column":8},"end":{"line":21,"column":2}}}},"branchMap":{},"s":{"0":0},"f":{"0":0,"1":0,"2":0},"b":{}}
,"/workspaces/obsidian-sample-plugin/src/ui/views/mainPanelView.ts": {"path":"/workspaces/obsidian-sample-plugin/src/ui/views/mainPanelView.ts","statementMap":{"0":{"start":{"line":13,"column":2},"end":{"line":13,"column":14}},"1":{"start":{"line":17,"column":2},"end":{"line":17,"column":33}},"2":{"start":{"line":21,"column":2},"end":{"line":21,"column":30}},"3":{"start":{"line":10,"column":17},"end":{"line":10,"column":55}}},"fnMap":{"0":{"name":"(anonymous_0)","decl":{"start":{"line":12,"column":1},"end":{"line":12,"column":13}},"loc":{"start":{"line":12,"column":32},"end":{"line":14,"column":2}}},"1":{"name":"(anonymous_1)","decl":{"start":{"line":16,"column":1},"end":{"line":16,"column":12}},"loc":{"start":{"line":16,"column":12},"end":{"line":18,"column":2}}},"2":{"name":"(anonymous_2)","decl":{"start":{"line":20,"column":1},"end":{"line":20,"column":15}},"loc":{"start":{"line":20,"column":15},"end":{"line":22,"column":2}}},"3":{"name":"(anonymous_3)","decl":{"start":{"line":24,"column":7},"end":{"line":24,"column":13}},"loc":{"start":{"line":24,"column":13},"end":{"line":26,"column":null}}},"4":{"name":"(anonymous_5)","decl":{"start":{"line":28,"column":7},"end":{"line":28,"column":14}},"loc":{"start":{"line":28,"column":14},"end":{"line":30,"column":null}}}},"branchMap":{},"s":{"0":0,"1":0,"2":0,"3":0},"f":{"0":0,"1":0,"2":0,"3":0,"4":0},"b":{}}
,"/workspaces/obsidian-sample-plugin/src/ui/views/timelineView.ts": {"path":"/workspaces/obsidian-sample-plugin/src/ui/views/timelineView.ts","statementMap":{"0":{"start":{"line":14,"column":2},"end":{"line":14,"column":14}},"1":{"start":{"line":18,"column":2},"end":{"line":18,"column":32}},"2":{"start":{"line":22,"column":2},"end":{"line":22,"column":20}},"3":{"start":{"line":11,"column":17},"end":{"line":11,"column":59}}},"fnMap":{"0":{"name":"(anonymous_0)","decl":{"start":{"line":13,"column":1},"end":{"line":13,"column":13}},"loc":{"start":{"line":13,"column":32},"end":{"line":15,"column":2}}},"1":{"name":"(anonymous_1)","decl":{"start":{"line":17,"column":1},"end":{"line":17,"column":12}},"loc":{"start":{"line":17,"column":12},"end":{"line":19,"column":2}}},"2":{"name":"(anonymous_2)","decl":{"start":{"line":21,"column":1},"end":{"line":21,"column":15}},"loc":{"start":{"line":21,"column":15},"end":{"line":23,"column":2}}},"3":{"name":"(anonymous_3)","decl":{"start":{"line":25,"column":7},"end":{"line":25,"column":13}},"loc":{"start":{"line":25,"column":13},"end":{"line":27,"column":null}}},"4":{"name":"(anonymous_5)","decl":{"start":{"line":29,"column":7},"end":{"line":29,"column":14}},"loc":{"start":{"line":29,"column":14},"end":{"line":31,"column":null}}}},"branchMap":{},"s":{"0":0,"1":0,"2":0,"3":0},"f":{"0":0,"1":0,"2":0,"3":0,"4":0},"b":{}}
,"/workspaces/obsidian-sample-plugin/src/utils/csvParser.ts": {"path":"/workspaces/obsidian-sample-plugin/src/utils/csvParser.ts","statementMap":{"0":{"start":{"line":15,"column":0},"end":{"line":15,"column":16}},"1":{"start":{"line":42,"column":0},"end":{"line":42,"column":16}},"2":{"start":{"line":16,"column":15},"end":{"line":16,"column":67}},"3":{"start":{"line":16,"column":55},"end":{"line":16,"column":66}},"4":{"start":{"line":17,"column":1},"end":{"line":17,"column":33}},"5":{"start":{"line":17,"column":23},"end":{"line":17,"column":33}},"6":{"start":{"line":19,"column":17},"end":{"line":19,"column":45}},"7":{"start":{"line":20,"column":28},"end":{"line":20,"column":30}},"8":{"start":{"line":22,"column":1},"end":{"line":32,"column":2}},"9":{"start":{"line":22,"column":14},"end":{"line":22,"column":15}},"10":{"start":{"line":23,"column":17},"end":{"line":23,"column":45}},"11":{"start":{"line":24,"column":2},"end":{"line":24,"column":36}},"12":{"start":{"line":24,"column":27},"end":{"line":24,"column":36}},"13":{"start":{"line":26,"column":35},"end":{"line":26,"column":37}},"14":{"start":{"line":27,"column":2},"end":{"line":29,"column":5}},"15":{"start":{"line":28,"column":3},"end":{"line":28,"column":35}},"16":{"start":{"line":31,"column":2},"end":{"line":31,"column":34}},"17":{"start":{"line":34,"column":1},"end":{"line":34,"column":17}},"18":{"start":{"line":43,"column":17},"end":{"line":53,"column":3}},"19":{"start":{"line":55,"column":25},"end":{"line":55,"column":44}},"20":{"start":{"line":57,"column":1},"end":{"line":72,"column":2}},"21":{"start":{"line":58,"column":14},"end":{"line":70,"column":4}},"22":{"start":{"line":64,"column":26},"end":{"line":64,"column":38}},"23":{"start":{"line":66,"column":16},"end":{"line":66,"column":69}},"24":{"start":{"line":71,"column":2},"end":{"line":71,"column":49}},"25":{"start":{"line":71,"column":28},"end":{"line":71,"column":36}},"26":{"start":{"line":74,"column":1},"end":{"line":74,"column":25}},"27":{"start":{"line":83,"column":26},"end":{"line":83,"column":28}},"28":{"start":{"line":84,"column":15},"end":{"line":84,"column":17}},"29":{"start":{"line":85,"column":16},"end":{"line":85,"column":21}},"30":{"start":{"line":87,"column":1},"end":{"line":98,"column":2}},"31":{"start":{"line":87,"column":14},"end":{"line":87,"column":15}},"32":{"start":{"line":88,"column":15},"end":{"line":88,"column":22}},"33":{"start":{"line":90,"column":2},"end":{"line":97,"column":3}},"34":{"start":{"line":91,"column":3},"end":{"line":91,"column":24}},"35":{"start":{"line":92,"column":9},"end":{"line":97,"column":3}},"36":{"start":{"line":93,"column":3},"end":{"line":93,"column":46}},"37":{"start":{"line":94,"column":3},"end":{"line":94,"column":16}},"38":{"start":{"line":96,"column":3},"end":{"line":96,"column":19}},"39":{"start":{"line":100,"column":1},"end":{"line":100,"column":44}},"40":{"start":{"line":101,"column":1},"end":{"line":101,"column":15}},"41":{"start":{"line":110,"column":1},"end":{"line":110,"column":34}},"42":{"start":{"line":119,"column":14},"end":{"line":124,"column":6}},"43":{"start":{"line":122,"column":16},"end":{"line":122,"column":24}},"44":{"start":{"line":123,"column":19},"end":{"line":123,"column":20}},"45":{"start":{"line":126,"column":17},"end":{"line":138,"column":6}},"46":{"start":{"line":130,"column":19},"end":{"line":130,"column":31}},"47":{"start":{"line":131,"column":17},"end":{"line":131,"column":31}},"48":{"start":{"line":132,"column":19},"end":{"line":132,"column":33}},"49":{"start":{"line":133,"column":5},"end":{"line":136,"column":7}},"50":{"start":{"line":135,"column":55},"end":{"line":135,"column":66}},"51":{"start":{"line":140,"column":1},"end":{"line":151,"column":3}}},"fnMap":{"0":{"name":"parseCSV","decl":{"start":{"line":15,"column":16},"end":{"line":15,"column":24}},"loc":{"start":{"line":15,"column":43},"end":{"line":35,"column":1}}},"1":{"name":"(anonymous_1)","decl":{"start":{"line":16,"column":45},"end":{"line":16,"column":46}},"loc":{"start":{"line":16,"column":55},"end":{"line":16,"column":66}}},"2":{"name":"(anonymous_2)","decl":{"start":{"line":27,"column":18},"end":{"line":27,"column":19}},"loc":{"start":{"line":27,"column":34},"end":{"line":29,"column":3}}},"3":{"name":"serializeCSV","decl":{"start":{"line":42,"column":16},"end":{"line":42,"column":28}},"loc":{"start":{"line":42,"column":47},"end":{"line":75,"column":1}}},"4":{"name":"(anonymous_4)","decl":{"start":{"line":64,"column":19},"end":{"line":64,"column":20}},"loc":{"start":{"line":64,"column":26},"end":{"line":64,"column":38}}},"5":{"name":"(anonymous_5)","decl":{"start":{"line":66,"column":9},"end":{"line":66,"column":10}},"loc":{"start":{"line":66,"column":16},"end":{"line":66,"column":69}}},"6":{"name":"(anonymous_6)","decl":{"start":{"line":71,"column":21},"end":{"line":71,"column":22}},"loc":{"start":{"line":71,"column":28},"end":{"line":71,"column":36}}},"7":{"name":"parseCSVLine","decl":{"start":{"line":82,"column":9},"end":{"line":82,"column":21}},"loc":{"start":{"line":82,"column":34},"end":{"line":102,"column":1}}},"8":{"name":"escapeCSV","decl":{"start":{"line":109,"column":9},"end":{"line":109,"column":18}},"loc":{"start":{"line":109,"column":32},"end":{"line":111,"column":1}}},"9":{"name":"parseEntity","decl":{"start":{"line":118,"column":9},"end":{"line":118,"column":20}},"loc":{"start":{"line":118,"column":48},"end":{"line":152,"column":1}}},"10":{"name":"(anonymous_10)","decl":{"start":{"line":122,"column":9},"end":{"line":122,"column":10}},"loc":{"start":{"line":122,"column":16},"end":{"line":122,"column":24}}},"11":{"name":"(anonymous_11)","decl":{"start":{"line":123,"column":12},"end":{"line":123,"column":13}},"loc":{"start":{"line":123,"column":19},"end":{"line":123,"column":20}}},"12":{"name":"(anonymous_12)","decl":{"start":{"line":129,"column":9},"end":{"line":129,"column":10}},"loc":{"start":{"line":129,"column":15},"end":{"line":137,"column":5}}},"13":{"name":"(anonymous_13)","decl":{"start":{"line":135,"column":48},"end":{"line":135,"column":49}},"loc":{"start":{"line":135,"column":55},"end":{"line":135,"column":66}}}},"branchMap":{"0":{"loc":{"start":{"line":17,"column":1},"end":{"line":17,"column":33}},"type":"if","locations":[{"start":{"line":17,"column":1},"end":{"line":17,"column":33}}]},"1":{"loc":{"start":{"line":19,"column":30},"end":{"line":19,"column":44}},"type":"cond-expr","locations":[{"start":{"line":19,"column":38},"end":{"line":19,"column":42}},{"start":{"line":19,"column":42},"end":{"line":19,"column":44}}]},"2":{"loc":{"start":{"line":19,"column":30},"end":{"line":19,"column":42}},"type":"binary-expr","locations":[{"start":{"line":19,"column":30},"end":{"line":19,"column":42}},{"start":{"line":19,"column":38},"end":{"line":19,"column":42}}]},"3":{"loc":{"start":{"line":23,"column":30},"end":{"line":23,"column":44}},"type":"cond-expr","locations":[{"start":{"line":23,"column":38},"end":{"line":23,"column":42}},{"start":{"line":23,"column":42},"end":{"line":23,"column":44}}]},"4":{"loc":{"start":{"line":23,"column":30},"end":{"line":23,"column":42}},"type":"binary-expr","locations":[{"start":{"line":23,"column":30},"end":{"line":23,"column":42}},{"start":{"line":23,"column":38},"end":{"line":23,"column":42}}]},"5":{"loc":{"start":{"line":24,"column":2},"end":{"line":24,"column":36}},"type":"if","locations":[{"start":{"line":24,"column":2},"end":{"line":24,"column":36}}]},"6":{"loc":{"start":{"line":28,"column":17},"end":{"line":28,"column":34}},"type":"binary-expr","locations":[{"start":{"line":28,"column":17},"end":{"line":28,"column":28}},{"start":{"line":28,"column":32},"end":{"line":28,"column":34}}]},"7":{"loc":{"start":{"line":61,"column":3},"end":{"line":61,"column":54}},"type":"cond-expr","locations":[{"start":{"line":61,"column":22},"end":{"line":61,"column":49}},{"start":{"line":61,"column":52},"end":{"line":61,"column":54}}]},"8":{"loc":{"start":{"line":63,"column":3},"end":{"line":63,"column":46}},"type":"cond-expr","locations":[{"start":{"line":63,"column":18},"end":{"line":63,"column":41}},{"start":{"line":63,"column":44},"end":{"line":63,"column":46}}]},"9":{"loc":{"start":{"line":90,"column":2},"end":{"line":97,"column":3}},"type":"if","locations":[{"start":{"line":90,"column":2},"end":{"line":97,"column":3}},{"start":{"line":92,"column":9},"end":{"line":97,"column":3}}]},"10":{"loc":{"start":{"line":92,"column":9},"end":{"line":97,"column":3}},"type":"if","locations":[{"start":{"line":92,"column":9},"end":{"line":97,"column":3}},{"start":{"line":95,"column":9},"end":{"line":97,"column":3}}]},"11":{"loc":{"start":{"line":92,"column":13},"end":{"line":92,"column":38}},"type":"binary-expr","locations":[{"start":{"line":92,"column":13},"end":{"line":92,"column":25}},{"start":{"line":92,"column":29},"end":{"line":92,"column":38}}]},"12":{"loc":{"start":{"line":119,"column":14},"end":{"line":124,"column":6}},"type":"cond-expr","locations":[{"start":{"line":120,"column":4},"end":{"line":123,"column":21}},{"start":{"line":124,"column":4},"end":{"line":124,"column":6}}]},"13":{"loc":{"start":{"line":126,"column":17},"end":{"line":138,"column":6}},"type":"cond-expr","locations":[{"start":{"line":127,"column":4},"end":{"line":137,"column":6}},{"start":{"line":138,"column":4},"end":{"line":138,"column":6}}]},"14":{"loc":{"start":{"line":131,"column":17},"end":{"line":131,"column":31}},"type":"binary-expr","locations":[{"start":{"line":131,"column":17},"end":{"line":131,"column":25}},{"start":{"line":131,"column":29},"end":{"line":131,"column":31}}]},"15":{"loc":{"start":{"line":132,"column":19},"end":{"line":132,"column":33}},"type":"binary-expr","locations":[{"start":{"line":132,"column":19},"end":{"line":132,"column":27}},{"start":{"line":132,"column":31},"end":{"line":132,"column":33}}]},"16":{"loc":{"start":{"line":135,"column":19},"end":{"line":135,"column":72}},"type":"cond-expr","locations":[{"start":{"line":135,"column":27},"end":{"line":135,"column":67}},{"start":{"line":135,"column":70},"end":{"line":135,"column":72}}]},"17":{"loc":{"start":{"line":141,"column":6},"end":{"line":141,"column":18}},"type":"cond-expr","locations":[{"start":{"line":141,"column":12},"end":{"line":141,"column":16}},{"start":{"line":141,"column":16},"end":{"line":141,"column":18}}]},"18":{"loc":{"start":{"line":141,"column":6},"end":{"line":141,"column":16}},"type":"binary-expr","locations":[{"start":{"line":141,"column":6},"end":{"line":141,"column":16}},{"start":{"line":141,"column":12},"end":{"line":141,"column":16}}]},"19":{"loc":{"start":{"line":142,"column":8},"end":{"line":142,"column":22}},"type":"cond-expr","locations":[{"start":{"line":142,"column":16},"end":{"line":142,"column":20}},{"start":{"line":142,"column":20},"end":{"line":142,"column":22}}]},"20":{"loc":{"start":{"line":142,"column":8},"end":{"line":142,"column":20}},"type":"binary-expr","locations":[{"start":{"line":142,"column":8},"end":{"line":142,"column":20}},{"start":{"line":142,"column":16},"end":{"line":142,"column":20}}]},"21":{"loc":{"start":{"line":143,"column":13},"end":{"line":143,"column":78}},"type":"cond-expr","locations":[{"start":{"line":143,"column":53},"end":{"line":143,"column":66}},{"start":{"line":143,"column":69},"end":{"line":143,"column":78}}]},"22":{"loc":{"start":{"line":143,"column":13},"end":{"line":143,"column":50}},"type":"binary-expr","locations":[{"start":{"line":143,"column":13},"end":{"line":143,"column":26}},{"start":{"line":143,"column":30},"end":{"line":143,"column":50}}]},"23":{"loc":{"start":{"line":144,"column":13},"end":{"line":144,"column":48}},"type":"binary-expr","locations":[{"start":{"line":144,"column":13},"end":{"line":144,"column":43}},{"start":{"line":144,"column":47},"end":{"line":144,"column":48}}]},"24":{"loc":{"start":{"line":144,"column":22},"end":{"line":144,"column":42}},"type":"cond-expr","locations":[{"start":{"line":144,"column":35},"end":{"line":144,"column":39}},{"start":{"line":144,"column":39},"end":{"line":144,"column":42}}]},"25":{"loc":{"start":{"line":144,"column":22},"end":{"line":144,"column":39}},"type":"binary-expr","locations":[{"start":{"line":144,"column":22},"end":{"line":144,"column":39}},{"start":{"line":144,"column":35},"end":{"line":144,"column":39}}]},"26":{"loc":{"start":{"line":146,"column":9},"end":{"line":146,"column":62}},"type":"cond-expr","locations":[{"start":{"line":146,"column":41},"end":{"line":146,"column":50}},{"start":{"line":146,"column":53},"end":{"line":146,"column":62}}]},"27":{"loc":{"start":{"line":146,"column":9},"end":{"line":146,"column":38}},"type":"binary-expr","locations":[{"start":{"line":146,"column":9},"end":{"line":146,"column":18}},{"start":{"line":146,"column":22},"end":{"line":146,"column":38}}]},"28":{"loc":{"start":{"line":148,"column":13},"end":{"line":148,"column":57}},"type":"binary-expr","locations":[{"start":{"line":148,"column":13},"end":{"line":148,"column":43}},{"start":{"line":148,"column":47},"end":{"line":148,"column":57}}]},"29":{"loc":{"start":{"line":148,"column":22},"end":{"line":148,"column":42}},"type":"cond-expr","locations":[{"start":{"line":148,"column":35},"end":{"line":148,"column":39}},{"start":{"line":148,"column":39},"end":{"line":148,"column":42}}]},"30":{"loc":{"start":{"line":148,"column":22},"end":{"line":148,"column":39}},"type":"binary-expr","locations":[{"start":{"line":148,"column":22},"end":{"line":148,"column":39}},{"start":{"line":148,"column":35},"end":{"line":148,"column":39}}]},"31":{"loc":{"start":{"line":149,"column":13},"end":{"line":149,"column":57}},"type":"binary-expr","locations":[{"start":{"line":149,"column":13},"end":{"line":149,"column":43}},{"start":{"line":149,"column":47},"end":{"line":149,"column":57}}]},"32":{"loc":{"start":{"line":149,"column":22},"end":{"line":149,"column":42}},"type":"cond-expr","locations":[{"start":{"line":149,"column":35},"end":{"line":149,"column":39}},{"start":{"line":149,"column":39},"end":{"line":149,"column":42}}]},"33":{"loc":{"start":{"line":149,"column":22},"end":{"line":149,"column":39}},"type":"binary-expr","locations":[{"start":{"line":149,"column":22},"end":{"line":149,"column":39}},{"start":{"line":149,"column":35},"end":{"line":149,"column":39}}]}},"s":{"0":1,"1":1,"2":19,"3":1038,"4":19,"5":2,"6":17,"7":17,"8":17,"9":17,"10":1018,"11":1018,"12":0,"13":1018,"14":1018,"15":9162,"16":1018,"17":17,"18":21,"19":21,"20":21,"21":1021,"22":2042,"23":1023,"24":1021,"25":9189,"26":21,"27":1035,"28":1035,"29":1035,"30":1035,"31":1035,"32":129134,"33":129134,"34":18332,"35":110802,"36":8280,"37":8280,"38":102522,"39":1035,"40":1035,"41":6126,"42":1018,"43":2031,"44":2031,"45":1018,"46":1016,"47":1016,"48":1016,"49":1016,"50":3047,"51":1018},"f":{"0":19,"1":1038,"2":9162,"3":21,"4":2042,"5":1023,"6":9189,"7":1035,"8":6126,"9":1018,"10":2031,"11":2031,"12":1016,"13":3047},"b":{"0":[2],"1":[17,0],"2":[17,17],"3":[1018,0],"4":[1018,1018],"5":[0],"6":[9162,18],"7":[1020,1],"8":[1020,1],"9":[18332,110802],"10":[8280,102522],"11":[110802,10313],"12":[1014,4],"13":[1014,4],"14":[1016,0],"15":[1016,0],"16":[1016,0],"17":[1018,0],"18":[1018,1018],"19":[1018,0],"20":[1018,1018],"21":[1014,4],"22":[1018,1014],"23":[1018,2],"24":[1018,0],"25":[1018,1018],"26":[1013,5],"27":[1018,1013],"28":[1018,3],"29":[1018,0],"30":[1018,1018],"31":[1018,3],"32":[1018,0],"33":[1018,1018]}}
,"/workspaces/obsidian-sample-plugin/src/utils/helpers.ts": {"path":"/workspaces/obsidian-sample-plugin/src/utils/helpers.ts","statementMap":{"0":{"start":{"line":9,"column":1},"end":{"line":9,"column":27}},"1":{"start":{"line":16,"column":1},"end":{"line":16,"column":45}},"2":{"start":{"line":23,"column":1},"end":{"line":26,"column":10}},"3":{"start":{"line":33,"column":1},"end":{"line":33,"column":40}},"4":{"start":{"line":40,"column":1},"end":{"line":40,"column":51}}},"fnMap":{"0":{"name":"formatDate","decl":{"start":{"line":8,"column":16},"end":{"line":8,"column":26}},"loc":{"start":{"line":8,"column":37},"end":{"line":10,"column":1}}},"1":{"name":"formatTimestamp","decl":{"start":{"line":15,"column":16},"end":{"line":15,"column":31}},"loc":{"start":{"line":15,"column":49},"end":{"line":17,"column":1}}},"2":{"name":"sanitizeFilename","decl":{"start":{"line":22,"column":16},"end":{"line":22,"column":32}},"loc":{"start":{"line":22,"column":49},"end":{"line":27,"column":1}}},"3":{"name":"deepClone","decl":{"start":{"line":32,"column":16},"end":{"line":32,"column":25}},"loc":{"start":{"line":32,"column":35},"end":{"line":34,"column":1}}},"4":{"name":"capitalize","decl":{"start":{"line":39,"column":16},"end":{"line":39,"column":26}},"loc":{"start":{"line":39,"column":38},"end":{"line":41,"column":1}}}},"branchMap":{},"s":{"0":0,"1":0,"2":0,"3":0,"4":0},"f":{"0":0,"1":0,"2":0,"3":0,"4":0},"b":{}}
,"/workspaces/obsidian-sample-plugin/src/utils/idGenerator.ts": {"path":"/workspaces/obsidian-sample-plugin/src/utils/idGenerator.ts","statementMap":{"0":{"start":{"line":14,"column":0},"end":{"line":14,"column":16}},"1":{"start":{"line":32,"column":0},"end":{"line":32,"column":16}},"2":{"start":{"line":44,"column":0},"end":{"line":44,"column":16}},"3":{"start":{"line":53,"column":0},"end":{"line":53,"column":16}},"4":{"start":{"line":63,"column":0},"end":{"line":63,"column":16}},"5":{"start":{"line":15,"column":20},"end":{"line":15,"column":38}},"6":{"start":{"line":17,"column":12},"end":{"line":17,"column":13}},"7":{"start":{"line":18,"column":1},"end":{"line":21,"column":2}},"8":{"start":{"line":18,"column":14},"end":{"line":18,"column":15}},"9":{"start":{"line":19,"column":2},"end":{"line":19,"column":57}},"10":{"start":{"line":20,"column":2},"end":{"line":20,"column":21}},"11":{"start":{"line":23,"column":1},"end":{"line":23,"column":63}},"12":{"start":{"line":33,"column":12},"end":{"line":33,"column":35}},"13":{"start":{"line":34,"column":14},"end":{"line":34,"column":28}},"14":{"start":{"line":35,"column":13},"end":{"line":35,"column":48}},"15":{"start":{"line":36,"column":1},"end":{"line":36,"column":29}},"16":{"start":{"line":45,"column":1},"end":{"line":45,"column":43}},"17":{"start":{"line":54,"column":15},"end":{"line":54,"column":46}},"18":{"start":{"line":55,"column":1},"end":{"line":55,"column":25}},"19":{"start":{"line":64,"column":15},"end":{"line":64,"column":36}},"20":{"start":{"line":65,"column":1},"end":{"line":65,"column":25}}},"fnMap":{"0":{"name":"hashTerm","decl":{"start":{"line":14,"column":16},"end":{"line":14,"column":24}},"loc":{"start":{"line":14,"column":37},"end":{"line":24,"column":1}}},"1":{"name":"generateEntityId","decl":{"start":{"line":32,"column":16},"end":{"line":32,"column":32}},"loc":{"start":{"line":32,"column":65},"end":{"line":37,"column":1}}},"2":{"name":"isValidEntityId","decl":{"start":{"line":44,"column":16},"end":{"line":44,"column":31}},"loc":{"start":{"line":44,"column":42},"end":{"line":46,"column":1}}},"3":{"name":"getHashFromId","decl":{"start":{"line":53,"column":16},"end":{"line":53,"column":29}},"loc":{"start":{"line":53,"column":40},"end":{"line":56,"column":1}}},"4":{"name":"getSeqFromId","decl":{"start":{"line":63,"column":16},"end":{"line":63,"column":28}},"loc":{"start":{"line":63,"column":39},"end":{"line":66,"column":1}}}},"branchMap":{"0":{"loc":{"start":{"line":33,"column":12},"end":{"line":33,"column":35}},"type":"cond-expr","locations":[{"start":{"line":33,"column":12},"end":{"line":33,"column":21}},{"start":{"line":33,"column":25},"end":{"line":33,"column":35}}]},"1":{"loc":{"start":{"line":33,"column":12},"end":{"line":33,"column":25}},"type":"binary-expr","locations":[{"start":{"line":33,"column":12},"end":{"line":33,"column":25}},{"start":{"line":33,"column":12},"end":{"line":33,"column":25}}]},"2":{"loc":{"start":{"line":55,"column":8},"end":{"line":55,"column":24}},"type":"cond-expr","locations":[{"start":{"line":55,"column":18},"end":{"line":55,"column":22}},{"start":{"line":55,"column":22},"end":{"line":55,"column":24}}]},"3":{"loc":{"start":{"line":55,"column":8},"end":{"line":55,"column":22}},"type":"binary-expr","locations":[{"start":{"line":55,"column":8},"end":{"line":55,"column":22}},{"start":{"line":55,"column":18},"end":{"line":55,"column":22}}]},"4":{"loc":{"start":{"line":55,"column":8},"end":{"line":55,"column":18}},"type":"cond-expr","locations":[{"start":{"line":55,"column":13},"end":{"line":55,"column":16}},{"start":{"line":55,"column":8},"end":{"line":55,"column":18}}]},"5":{"loc":{"start":{"line":55,"column":8},"end":{"line":55,"column":16}},"type":"binary-expr","locations":[{"start":{"line":55,"column":8},"end":{"line":55,"column":16}},{"start":{"line":55,"column":8},"end":{"line":55,"column":16}}]},"6":{"loc":{"start":{"line":65,"column":8},"end":{"line":65,"column":24}},"type":"cond-expr","locations":[{"start":{"line":65,"column":18},"end":{"line":65,"column":22}},{"start":{"line":65,"column":22},"end":{"line":65,"column":24}}]},"7":{"loc":{"start":{"line":65,"column":8},"end":{"line":65,"column":22}},"type":"binary-expr","locations":[{"start":{"line":65,"column":8},"end":{"line":65,"column":22}},{"start":{"line":65,"column":18},"end":{"line":65,"column":22}}]},"8":{"loc":{"start":{"line":65,"column":8},"end":{"line":65,"column":18}},"type":"cond-expr","locations":[{"start":{"line":65,"column":13},"end":{"line":65,"column":16}},{"start":{"line":65,"column":8},"end":{"line":65,"column":18}}]},"9":{"loc":{"start":{"line":65,"column":8},"end":{"line":65,"column":16}},"type":"binary-expr","locations":[{"start":{"line":65,"column":8},"end":{"line":65,"column":16}},{"start":{"line":65,"column":8},"end":{"line":65,"column":16}}]}},"s":{"0":1,"1":1,"2":1,"3":1,"4":1,"5":33,"6":33,"7":33,"8":33,"9":1210,"10":1210,"11":33,"12":21,"13":21,"14":21,"15":21,"16":13,"17":6,"18":6,"19":6,"20":6},"f":{"0":33,"1":21,"2":13,"3":6,"4":6},"b":{"0":[19,2],"1":[21,21],"2":[3,3],"3":[6,6],"4":[3,3],"5":[6,3],"6":[3,3],"7":[6,6],"8":[3,3],"9":[6,3]}}
,"/workspaces/obsidian-sample-plugin/src/utils/validators.ts": {"path":"/workspaces/obsidian-sample-plugin/src/utils/validators.ts","statementMap":{"0":{"start":{"line":15,"column":1},"end":{"line":17,"column":2}},"1":{"start":{"line":16,"column":2},"end":{"line":16,"column":36}},"2":{"start":{"line":19,"column":1},"end":{"line":21,"column":2}},"3":{"start":{"line":20,"column":2},"end":{"line":20,"column":39}},"4":{"start":{"line":23,"column":1},"end":{"line":25,"column":2}},"5":{"start":{"line":24,"column":2},"end":{"line":24,"column":51}},"6":{"start":{"line":27,"column":1},"end":{"line":29,"column":2}},"7":{"start":{"line":28,"column":2},"end":{"line":28,"column":33}},"8":{"start":{"line":31,"column":1},"end":{"line":33,"column":2}},"9":{"start":{"line":32,"column":2},"end":{"line":32,"column":36}},"10":{"start":{"line":35,"column":1},"end":{"line":35,"column":11}},"11":{"start":{"line":44,"column":1},"end":{"line":46,"column":2}},"12":{"start":{"line":45,"column":2},"end":{"line":45,"column":48}},"13":{"start":{"line":48,"column":1},"end":{"line":50,"column":2}},"14":{"start":{"line":49,"column":2},"end":{"line":49,"column":49}},"15":{"start":{"line":52,"column":1},"end":{"line":54,"column":2}},"16":{"start":{"line":53,"column":2},"end":{"line":53,"column":29}},"17":{"start":{"line":56,"column":1},"end":{"line":56,"column":11}},"18":{"start":{"line":65,"column":1},"end":{"line":65,"column":64}},"19":{"start":{"line":74,"column":1},"end":{"line":74,"column":49}}},"fnMap":{"0":{"name":"validateEntity","decl":{"start":{"line":14,"column":16},"end":{"line":14,"column":30}},"loc":{"start":{"line":14,"column":45},"end":{"line":36,"column":1}}},"1":{"name":"validateSettings","decl":{"start":{"line":43,"column":16},"end":{"line":43,"column":32}},"loc":{"start":{"line":43,"column":57},"end":{"line":57,"column":1}}},"2":{"name":"isValidFolderPath","decl":{"start":{"line":64,"column":16},"end":{"line":64,"column":33}},"loc":{"start":{"line":64,"column":46},"end":{"line":66,"column":1}}},"3":{"name":"isValidMarkdownFilename","decl":{"start":{"line":73,"column":16},"end":{"line":73,"column":39}},"loc":{"start":{"line":73,"column":56},"end":{"line":75,"column":1}}}},"branchMap":{"0":{"loc":{"start":{"line":15,"column":1},"end":{"line":17,"column":2}},"type":"if","locations":[{"start":{"line":15,"column":1},"end":{"line":17,"column":2}}]},"1":{"loc":{"start":{"line":15,"column":5},"end":{"line":15,"column":43}},"type":"binary-expr","locations":[{"start":{"line":15,"column":5},"end":{"line":15,"column":15}},{"start":{"line":15,"column":19},"end":{"line":15,"column":43}}]},"2":{"loc":{"start":{"line":19,"column":1},"end":{"line":21,"column":2}},"type":"if","locations":[{"start":{"line":19,"column":1},"end":{"line":21,"column":2}}]},"3":{"loc":{"start":{"line":19,"column":5},"end":{"line":19,"column":52}},"type":"binary-expr","locations":[{"start":{"line":19,"column":5},"end":{"line":19,"column":17}},{"start":{"line":19,"column":21},"end":{"line":19,"column":52}}]},"4":{"loc":{"start":{"line":23,"column":1},"end":{"line":25,"column":2}},"type":"if","locations":[{"start":{"line":23,"column":1},"end":{"line":25,"column":2}}]},"5":{"loc":{"start":{"line":23,"column":5},"end":{"line":23,"column":65}},"type":"binary-expr","locations":[{"start":{"line":23,"column":5},"end":{"line":23,"column":41}},{"start":{"line":23,"column":45},"end":{"line":23,"column":65}}]},"6":{"loc":{"start":{"line":27,"column":1},"end":{"line":29,"column":2}},"type":"if","locations":[{"start":{"line":27,"column":1},"end":{"line":29,"column":2}}]},"7":{"loc":{"start":{"line":31,"column":1},"end":{"line":33,"column":2}},"type":"if","locations":[{"start":{"line":31,"column":1},"end":{"line":33,"column":2}}]},"8":{"loc":{"start":{"line":44,"column":1},"end":{"line":46,"column":2}},"type":"if","locations":[{"start":{"line":44,"column":1},"end":{"line":46,"column":2}}]},"9":{"loc":{"start":{"line":44,"column":5},"end":{"line":44,"column":84}},"type":"binary-expr","locations":[{"start":{"line":44,"column":5},"end":{"line":44,"column":33}},{"start":{"line":44,"column":37},"end":{"line":44,"column":84}}]},"10":{"loc":{"start":{"line":48,"column":1},"end":{"line":50,"column":2}},"type":"if","locations":[{"start":{"line":48,"column":1},"end":{"line":50,"column":2}}]},"11":{"loc":{"start":{"line":48,"column":5},"end":{"line":48,"column":56}},"type":"binary-expr","locations":[{"start":{"line":48,"column":5},"end":{"line":48,"column":28}},{"start":{"line":48,"column":32},"end":{"line":48,"column":56}}]},"12":{"loc":{"start":{"line":52,"column":1},"end":{"line":54,"column":2}},"type":"if","locations":[{"start":{"line":52,"column":1},"end":{"line":54,"column":2}}]},"13":{"loc":{"start":{"line":65,"column":8},"end":{"line":65,"column":63}},"type":"binary-expr","locations":[{"start":{"line":65,"column":8},"end":{"line":65,"column":40}},{"start":{"line":65,"column":44},"end":{"line":65,"column":63}}]}},"s":{"0":0,"1":0,"2":0,"3":0,"4":0,"5":0,"6":0,"7":0,"8":0,"9":0,"10":0,"11":0,"12":0,"13":0,"14":0,"15":0,"16":0,"17":0,"18":0,"19":0},"f":{"0":0,"1":0,"2":0,"3":0},"b":{"0":[0],"1":[0,0],"2":[0],"3":[0,0],"4":[0],"5":[0,0],"6":[0],"7":[0],"8":[0],"9":[0,0],"10":[0],"11":[0,0],"12":[0],"13":[0,0]}}
,"/workspaces/obsidian-sample-plugin/src/utils/wikilinker.ts": {"path":"/workspaces/obsidian-sample-plugin/src/utils/wikilinker.ts","statementMap":{"0":{"start":{"line":16,"column":14},"end":{"line":16,"column":18}},"1":{"start":{"line":19,"column":21},"end":{"line":19,"column":67}},"2":{"start":{"line":19,"column":47},"end":{"line":19,"column":66}},"3":{"start":{"line":21,"column":1},"end":{"line":23,"column":2}},"4":{"start":{"line":22,"column":2},"end":{"line":22,"column":44}},"5":{"start":{"line":25,"column":1},"end":{"line":25,"column":15}},"6":{"start":{"line":37,"column":21},"end":{"line":37,"column":64}},"7":{"start":{"line":38,"column":15},"end":{"line":38,"column":55}},"8":{"start":{"line":40,"column":1},"end":{"line":47,"column":4}},"9":{"start":{"line":42,"column":14},"end":{"line":42,"column":33}},"10":{"start":{"line":43,"column":2},"end":{"line":45,"column":3}},"11":{"start":{"line":44,"column":3},"end":{"line":44,"column":16}},"12":{"start":{"line":46,"column":2},"end":{"line":46,"column":24}},"13":{"start":{"line":57,"column":15},"end":{"line":57,"column":53}},"14":{"start":{"line":58,"column":1},"end":{"line":58,"column":25}},"15":{"start":{"line":67,"column":15},"end":{"line":67,"column":36}},"16":{"start":{"line":68,"column":25},"end":{"line":68,"column":27}},"17":{"start":{"line":71,"column":1},"end":{"line":73,"column":2}},"18":{"start":{"line":72,"column":2},"end":{"line":72,"column":31}},"19":{"start":{"line":75,"column":1},"end":{"line":75,"column":14}}},"fnMap":{"0":{"name":"injectWikilinks","decl":{"start":{"line":15,"column":16},"end":{"line":15,"column":31}},"loc":{"start":{"line":15,"column":61},"end":{"line":26,"column":1}}},"1":{"name":"(anonymous_1)","decl":{"start":{"line":19,"column":37},"end":{"line":19,"column":38}},"loc":{"start":{"line":19,"column":47},"end":{"line":19,"column":66}}},"2":{"name":"linkAllOccurrences","decl":{"start":{"line":34,"column":9},"end":{"line":34,"column":27}},"loc":{"start":{"line":34,"column":54},"end":{"line":48,"column":1}}},"3":{"name":"(anonymous_3)","decl":{"start":{"line":40,"column":28},"end":{"line":40,"column":29}},"loc":{"start":{"line":40,"column":38},"end":{"line":47,"column":2}}},"4":{"name":"isTermWikilinked","decl":{"start":{"line":56,"column":16},"end":{"line":56,"column":32}},"loc":{"start":{"line":56,"column":59},"end":{"line":59,"column":1}}},"5":{"name":"extractWikilinks","decl":{"start":{"line":66,"column":16},"end":{"line":66,"column":32}},"loc":{"start":{"line":66,"column":45},"end":{"line":76,"column":1}}}},"branchMap":{"0":{"loc":{"start":{"line":43,"column":2},"end":{"line":45,"column":3}},"type":"if","locations":[{"start":{"line":43,"column":2},"end":{"line":45,"column":3}}]},"1":{"loc":{"start":{"line":43,"column":6},"end":{"line":43,"column":63}},"type":"binary-expr","locations":[{"start":{"line":43,"column":6},"end":{"line":43,"column":13}},{"start":{"line":43,"column":17},"end":{"line":43,"column":38}},{"start":{"line":43,"column":42},"end":{"line":43,"column":63}}]},"2":{"loc":{"start":{"line":72,"column":13},"end":{"line":72,"column":29}},"type":"cond-expr","locations":[{"start":{"line":72,"column":23},"end":{"line":72,"column":27}},{"start":{"line":72,"column":27},"end":{"line":72,"column":29}}]},"3":{"loc":{"start":{"line":72,"column":13},"end":{"line":72,"column":27}},"type":"binary-expr","locations":[{"start":{"line":72,"column":13},"end":{"line":72,"column":27}},{"start":{"line":72,"column":23},"end":{"line":72,"column":27}}]},"4":{"loc":{"start":{"line":72,"column":13},"end":{"line":72,"column":23}},"type":"cond-expr","locations":[{"start":{"line":72,"column":18},"end":{"line":72,"column":21}},{"start":{"line":72,"column":13},"end":{"line":72,"column":23}}]},"5":{"loc":{"start":{"line":72,"column":13},"end":{"line":72,"column":21}},"type":"binary-expr","locations":[{"start":{"line":72,"column":13},"end":{"line":72,"column":21}},{"start":{"line":72,"column":13},"end":{"line":72,"column":21}}]}},"s":{"0":0,"1":0,"2":0,"3":0,"4":0,"5":0,"6":0,"7":0,"8":0,"9":0,"10":0,"11":0,"12":0,"13":0,"14":0,"15":0,"16":0,"17":0,"18":0,"19":0},"f":{"0":0,"1":0,"2":0,"3":0,"4":0,"5":0},"b":{"0":[0],"1":[0,0,0],"2":[0,0],"3":[0,0],"4":[0,0],"5":[0,0]}}
}
