TN:
SF:src/settings.ts
FN:12,(anonymous_0)
FN:17,(anonymous_1)
FN:28,(anonymous_2)
FN:32,(anonymous_3)
FN:32,(anonymous_4)
FN:41,(anonymous_5)
FN:45,(anonymous_6)
FN:45,(anonymous_7)
FN:57,(anonymous_8)
FN:60,(anonymous_9)
FN:60,(anonymous_10)
FN:69,(anonymous_11)
FN:72,(anonymous_12)
FN:72,(anonymous_13)
FN:81,(anonymous_14)
FN:84,(anonymous_15)
FN:84,(anonymous_16)
FN:96,(anonymous_17)
FN:102,(anonymous_18)
FN:102,(anonymous_19)
FN:111,(anonymous_20)
FN:114,(anonymous_21)
FN:114,(anonymous_22)
FN:123,(anonymous_23)
FN:127,(anonymous_24)
FN:127,(anonymous_25)
FN:139,(anonymous_26)
FN:142,(anonymous_27)
FN:142,(anonymous_28)
FN:151,(anonymous_29)
FN:156,(anonymous_30)
FN:156,(anonymous_31)
FN:166,(anonymous_32)
FN:170,(anonymous_33)
FN:170,(anonymous_34)
FN:179,getDefaultSettings
FNF:36
FNH:0
FNDA:0,(anonymous_0)
FNDA:0,(anonymous_1)
FNDA:0,(anonymous_2)
FNDA:0,(anonymous_3)
FNDA:0,(anonymous_4)
FNDA:0,(anonymous_5)
FNDA:0,(anonymous_6)
FNDA:0,(anonymous_7)
FNDA:0,(anonymous_8)
FNDA:0,(anonymous_9)
FNDA:0,(anonymous_10)
FNDA:0,(anonymous_11)
FNDA:0,(anonymous_12)
FNDA:0,(anonymous_13)
FNDA:0,(anonymous_14)
FNDA:0,(anonymous_15)
FNDA:0,(anonymous_16)
FNDA:0,(anonymous_17)
FNDA:0,(anonymous_18)
FNDA:0,(anonymous_19)
FNDA:0,(anonymous_20)
FNDA:0,(anonymous_21)
FNDA:0,(anonymous_22)
FNDA:0,(anonymous_23)
FNDA:0,(anonymous_24)
FNDA:0,(anonymous_25)
FNDA:0,(anonymous_26)
FNDA:0,(anonymous_27)
FNDA:0,(anonymous_28)
FNDA:0,(anonymous_29)
FNDA:0,(anonymous_30)
FNDA:0,(anonymous_31)
FNDA:0,(anonymous_32)
FNDA:0,(anonymous_33)
FNDA:0,(anonymous_34)
FNDA:0,getDefaultSettings
DA:13,0
DA:14,0
DA:18,0
DA:20,0
DA:23,0
DA:25,0
DA:29,0
DA:32,0
DA:33,0
DA:34,0
DA:38,0
DA:42,0
DA:45,0
DA:46,0
DA:47,0
DA:52,0
DA:54,0
DA:58,0
DA:60,0
DA:61,0
DA:62,0
DA:66,0
DA:70,0
DA:72,0
DA:73,0
DA:74,0
DA:78,0
DA:82,0
DA:84,0
DA:85,0
DA:86,0
DA:91,0
DA:93,0
DA:97,0
DA:102,0
DA:103,0
DA:104,0
DA:108,0
DA:112,0
DA:114,0
DA:115,0
DA:116,0
DA:120,0
DA:124,0
DA:127,0
DA:128,0
DA:129,0
DA:134,0
DA:136,0
DA:140,0
DA:142,0
DA:143,0
DA:144,0
DA:148,0
DA:152,0
DA:156,0
DA:157,0
DA:158,0
DA:163,0
DA:165,0
DA:167,0
DA:170,0
DA:171,0
DA:172,0
DA:173,0
DA:180,0
LF:66
LH:0
BRDA:33,0,0,0
BRDA:33,0,1,0
BRF:2
BRH:0
end_of_record
TN:
SF:src/types.ts
FNF:0
FNH:0
DA:202,0
LF:1
LH:0
BRF:0
BRH:0
end_of_record
TN:
SF:src/core/metadata/entityStore.ts
FN:21,(anonymous_0)
FN:34,(anonymous_1)
FN:46,(anonymous_3)
FN:55,(anonymous_4)
FN:62,(anonymous_5)
FN:74,(anonymous_6)
FN:78,(anonymous_7)
FN:85,(anonymous_8)
FN:92,(anonymous_9)
FN:117,(anonymous_11)
FN:126,getOrCreateEntity
FNF:11
FNH:0
FNDA:0,(anonymous_0)
FNDA:0,(anonymous_1)
FNDA:0,(anonymous_3)
FNDA:0,(anonymous_4)
FNDA:0,(anonymous_5)
FNDA:0,(anonymous_6)
FNDA:0,(anonymous_7)
FNDA:0,(anonymous_8)
FNDA:0,(anonymous_9)
FNDA:0,(anonymous_11)
FNDA:0,getOrCreateEntity
DA:15,0
DA:16,0
DA:17,0
DA:18,0
DA:19,0
DA:26,0
DA:27,0
DA:28,0
DA:35,0
DA:37,0
DA:38,0
DA:39,0
DA:40,0
DA:42,0
DA:43,0
DA:45,0
DA:46,0
DA:49,0
DA:51,0
DA:56,0
DA:57,0
DA:58,0
DA:63,0
DA:64,0
DA:65,0
DA:66,0
DA:68,0
DA:69,0
DA:75,0
DA:79,0
DA:81,0
DA:82,0
DA:86,0
DA:93,0
DA:95,0
DA:96,0
DA:97,0
DA:99,0
DA:100,0
DA:102,0
DA:103,0
DA:105,0
DA:109,0
DA:110,0
DA:113,0
DA:118,0
DA:131,0
DA:133,0
DA:134,0
DA:144,0
DA:147,0
DA:150,0
LF:52
LH:0
BRDA:35,0,0,0
BRDA:40,1,0,0
BRDA:57,2,0,0
BRDA:64,3,0,0
BRDA:68,4,0,0
BRDA:68,5,0,0
BRDA:68,5,1,0
BRDA:75,6,0,0
BRDA:75,6,1,0
BRDA:79,7,0,0
BRDA:82,8,0,0
BRDA:82,8,1,0
BRDA:82,9,0,0
BRDA:82,9,1,0
BRDA:93,10,0,0
BRDA:102,11,0,0
BRDA:102,11,1,0
BRDA:109,12,0,0
BRDA:133,13,0,0
BRDA:133,13,1,0
BRF:20
BRH:0
end_of_record
TN:
SF:src/core/metadata/indexFile.ts
FN:16,buildIndex
FN:57,saveIndex
FN:94,loadIndex
FN:130,findEntityByName
FN:140,getEntitiesByGroup
FNF:5
FNH:0
FNDA:0,buildIndex
FNDA:0,saveIndex
FNDA:0,loadIndex
FNDA:0,findEntityByName
FNDA:0,getEntitiesByGroup
DA:17,0
DA:25,0
DA:27,0
DA:30,0
DA:31,0
DA:32,0
DA:33,0
DA:35,0
DA:39,0
DA:40,0
DA:41,0
DA:43,0
DA:47,0
DA:63,0
DA:71,0
DA:72,0
DA:74,0
DA:75,0
DA:76,0
DA:77,0
DA:79,0
DA:82,0
DA:83,0
DA:99,0
DA:101,0
DA:102,0
DA:103,0
DA:104,0
DA:105,0
DA:108,0
DA:109,0
DA:111,0
DA:119,0
DA:120,0
DA:131,0
DA:141,0
LF:36
LH:0
BRDA:30,0,0,0
BRDA:32,1,0,0
BRDA:39,2,0,0
BRDA:40,3,0,0
BRDA:76,4,0,0
BRDA:76,4,1,0
BRDA:103,5,0,0
BRDA:112,6,0,0
BRDA:112,6,1,0
BRDA:113,7,0,0
BRDA:113,7,1,0
BRDA:114,8,0,0
BRDA:114,8,1,0
BRDA:115,9,0,0
BRDA:115,9,1,0
BRDA:116,10,0,0
BRDA:116,10,1,0
BRDA:131,11,0,0
BRDA:131,11,1,0
BRDA:141,12,0,0
BRDA:141,12,1,0
BRF:21
BRH:0
end_of_record
TN:
SF:src/core/metadata/masterMetadata.ts
FN:17,(anonymous_0)
FN:25,(anonymous_1)
FN:29,(anonymous_3)
FN:33,(anonymous_4)
FN:37,(anonymous_5)
FN:41,(anonymous_6)
FN:45,(anonymous_7)
FNF:7
FNH:0
FNDA:0,(anonymous_0)
FNDA:0,(anonymous_1)
FNDA:0,(anonymous_3)
FNDA:0,(anonymous_4)
FNDA:0,(anonymous_5)
FNDA:0,(anonymous_6)
FNDA:0,(anonymous_7)
DA:15,0
DA:18,0
DA:30,0
DA:34,0
DA:38,0
DA:42,0
DA:46,0
LF:7
LH:0
BRF:0
BRH:0
end_of_record
TN:
SF:src/core/scanner/documentScanner.ts
FN:21,detectChapter
FN:57,scanMarkdown
FN:79,generateFrontmatter
FN:100,(anonymous_4)
FN:120,prependFrontmatter
FNF:5
FNH:3
FNDA:0,detectChapter
FNDA:0,scanMarkdown
FNDA:18,generateFrontmatter
FNDA:42,(anonymous_4)
FNDA:14,prependFrontmatter
DA:10,1
DA:11,1
DA:22,0
DA:23,0
DA:26,0
DA:27,0
DA:28,0
DA:33,0
DA:34,0
DA:37,0
DA:38,0
DA:41,0
DA:44,0
DA:45,0
DA:48,0
DA:57,1
DA:58,0
DA:59,0
DA:60,0
DA:61,0
DA:63,0
DA:79,1
DA:83,18
DA:84,18
DA:86,18
DA:94,18
DA:95,18
DA:96,90
DA:98,89
DA:99,17
DA:100,17
DA:101,42
DA:103,72
DA:104,36
DA:106,36
DA:109,18
DA:111,18
DA:120,1
DA:122,14
DA:123,5
DA:124,5
DA:125,4
DA:129,14
LF:43
LH:25
BRDA:27,0,0,0
BRDA:34,1,0,0
BRDA:37,2,0,0
BRDA:37,2,1,0
BRDA:41,3,0,0
BRDA:44,4,0,0
BRDA:44,4,1,0
BRDA:81,5,0,13
BRDA:91,6,0,17
BRDA:91,6,1,1
BRDA:96,7,0,1
BRDA:98,8,0,17
BRDA:98,8,1,72
BRDA:103,9,0,36
BRDA:103,9,1,36
BRDA:122,10,0,5
BRDA:124,11,0,4
BRF:17
BRH:10
end_of_record
TN:
SF:src/core/scanner/docxConverter.ts
FN:16,convertDocxToMarkdown
FN:40,createMarkdownFromDocx
FNF:2
FNH:0
FNDA:0,convertDocxToMarkdown
FNDA:0,createMarkdownFromDocx
DA:20,0
DA:25,0
DA:26,0
DA:28,0
DA:29,0
DA:45,0
DA:46,0
DA:47,0
DA:49,0
DA:50,0
DA:51,0
DA:53,0
DA:56,0
DA:58,0
DA:59,0
LF:15
LH:0
BRDA:50,0,0,0
BRDA:50,0,1,0
BRF:2
BRH:0
end_of_record
TN:
SF:src/core/scanner/temporalTagger.ts
FN:25,extractTemporalTerms
FN:67,wikiLinkTemporalTerms
FN:72,(anonymous_2)
FN:96,generateTemporalTags
FNF:4
FNH:4
FNDA:33,extractTemporalTerms
FNDA:10,wikiLinkTemporalTerms
FNDA:25,(anonymous_2)
FNDA:31,generateTemporalTags
DA:11,2
DA:25,2
DA:26,33
DA:27,33
DA:28,33
DA:30,33
DA:31,47
DA:32,47
DA:34,47
DA:35,282
DA:36,1880
DA:39,1880
DA:42,103
DA:45,103
DA:46,101
DA:58,33
DA:67,2
DA:68,10
DA:69,10
DA:72,25
DA:74,10
DA:75,24
DA:77,24
DA:78,24
DA:79,24
DA:82,24
DA:83,24
DA:84,24
DA:88,10
DA:96,2
DA:97,31
DA:99,31
DA:100,85
DA:101,190
DA:102,85
DA:103,85
DA:108,31
LF:37
LH:37
BRDA:42,0,0,103
BRDA:42,0,1,85
BRDA:42,0,2,2
BRDA:45,1,0,101
BRDA:75,2,0,0
BRDA:82,3,0,24
BRDA:82,4,0,24
BRDA:82,4,1,24
BRDA:101,5,0,85
BRF:9
BRH:8
end_of_record
TN:
SF:src/core/scanner/tokenizer.ts
FN:26,extractTokens
FN:51,(anonymous_1)
FN:57,(anonymous_2)
FN:67,filterByFrequency
FN:68,(anonymous_4)
FN:77,getTopTokens
FNF:6
FNH:6
FNDA:18,extractTokens
FNDA:48,(anonymous_1)
FNDA:63,(anonymous_2)
FNDA:6,filterByFrequency
FNDA:17,(anonymous_4)
FNDA:7,getTopTokens
DA:11,2
DA:26,2
DA:27,18
DA:30,18
DA:32,18
DA:33,18
DA:34,10112
DA:37,10112
DA:38,42
DA:39,42
DA:42,10070
DA:43,10070
DA:44,10070
DA:46,10070
DA:47,10070
DA:51,48
DA:57,63
DA:58,18
DA:67,2
DA:68,17
DA:77,2
DA:78,7
LF:22
LH:22
BRDA:30,0,0,18
BRDA:30,0,1,2
BRDA:37,1,0,42
BRDA:37,2,0,10112
BRDA:37,2,1,10070
BRDA:42,3,0,10070
BRDA:42,3,1,48
BRF:7
BRH:7
end_of_record
TN:
SF:src/migrations/v1.ts
FNF:0
FNH:0
DA:11,0
LF:1
LH:0
BRF:0
BRH:0
end_of_record
TN:
SF:src/protocol/fileStructure.ts
FNF:0
FNH:0
DA:12,0
LF:1
LH:0
BRF:0
BRH:0
end_of_record
TN:
SF:src/protocol/logManager.ts
FN:27,log
FNF:1
FNH:0
FNDA:0,log
DA:34,0
DA:35,0
DA:36,0
DA:37,0
DA:38,0
DA:40,0
DA:43,0
DA:44,0
DA:47,0
DA:48,0
DA:49,0
DA:50,0
DA:51,0
DA:53,0
DA:54,0
DA:57,0
LF:16
LH:0
BRDA:44,0,0,0
BRDA:44,0,1,0
BRDA:48,1,0,0
BRDA:48,1,1,0
BRF:4
BRH:0
end_of_record
TN:
SF:src/protocol/protocolManager.ts
FN:15,initializeProtocolFolder
FN:55,ensureProtocolStructure
FN:72,getProtocolFolderPath
FN:79,getLogPath
FNF:4
FNH:0
FNDA:0,initializeProtocolFolder
FNDA:0,ensureProtocolStructure
FNDA:0,getProtocolFolderPath
FNDA:0,getLogPath
DA:19,0
DA:21,0
DA:23,0
DA:24,0
DA:25,0
DA:29,0
DA:37,0
DA:38,0
DA:39,0
DA:40,0
DA:41,0
DA:45,0
DA:47,0
DA:48,0
DA:59,0
DA:60,0
DA:61,0
DA:62,0
DA:65,0
DA:73,0
DA:83,0
LF:21
LH:0
BRDA:24,0,0,0
BRDA:40,1,0,0
BRDA:61,2,0,0
BRF:3
BRH:0
end_of_record
TN:
SF:src/ui/commands/commands.ts
FN:10,registerCommands
FN:15,(anonymous_1)
FN:24,(anonymous_2)
FN:33,(anonymous_3)
FN:42,(anonymous_4)
FNF:5
FNH:0
FNDA:0,registerCommands
FNDA:0,(anonymous_1)
FNDA:0,(anonymous_2)
FNDA:0,(anonymous_3)
FNDA:0,(anonymous_4)
DA:12,0
DA:21,0
DA:30,0
DA:39,0
LF:4
LH:0
BRF:0
BRH:0
end_of_record
TN:
SF:src/ui/modals/descriptionModal.ts
FN:11,(anonymous_0)
FN:15,(anonymous_1)
FN:19,(anonymous_2)
FNF:3
FNH:0
FNDA:0,(anonymous_0)
FNDA:0,(anonymous_1)
FNDA:0,(anonymous_2)
DA:12,0
LF:1
LH:0
BRF:0
BRH:0
end_of_record
TN:
SF:src/ui/modals/keyTermModal.ts
FN:11,(anonymous_0)
FN:15,(anonymous_1)
FN:19,(anonymous_2)
FNF:3
FNH:0
FNDA:0,(anonymous_0)
FNDA:0,(anonymous_1)
FNDA:0,(anonymous_2)
DA:12,0
LF:1
LH:0
BRF:0
BRH:0
end_of_record
TN:
SF:src/ui/modals/metadataReviewModal.ts
FN:11,(anonymous_0)
FN:15,(anonymous_1)
FN:19,(anonymous_2)
FNF:3
FNH:0
FNDA:0,(anonymous_0)
FNDA:0,(anonymous_1)
FNDA:0,(anonymous_2)
DA:12,0
LF:1
LH:0
BRF:0
BRH:0
end_of_record
TN:
SF:src/ui/modals/subMetadataModal.ts
FN:11,(anonymous_0)
FN:15,(anonymous_1)
FN:19,(anonymous_2)
FNF:3
FNH:0
FNDA:0,(anonymous_0)
FNDA:0,(anonymous_1)
FNDA:0,(anonymous_2)
DA:12,0
LF:1
LH:0
BRF:0
BRH:0
end_of_record
TN:
SF:src/ui/modals/timelineSnapshotModal.ts
FN:11,(anonymous_0)
FN:15,(anonymous_1)
FN:19,(anonymous_2)
FNF:3
FNH:0
FNDA:0,(anonymous_0)
FNDA:0,(anonymous_1)
FNDA:0,(anonymous_2)
DA:12,0
LF:1
LH:0
BRF:0
BRH:0
end_of_record
TN:
SF:src/ui/views/mainPanelView.ts
FN:12,(anonymous_0)
FN:16,(anonymous_1)
FN:20,(anonymous_2)
FN:24,(anonymous_3)
FN:28,(anonymous_5)
FNF:5
FNH:0
FNDA:0,(anonymous_0)
FNDA:0,(anonymous_1)
FNDA:0,(anonymous_2)
FNDA:0,(anonymous_3)
FNDA:0,(anonymous_5)
DA:10,0
DA:13,0
DA:17,0
DA:21,0
LF:4
LH:0
BRF:0
BRH:0
end_of_record
TN:
SF:src/ui/views/timelineView.ts
FN:13,(anonymous_0)
FN:17,(anonymous_1)
FN:21,(anonymous_2)
FN:25,(anonymous_3)
FN:29,(anonymous_5)
FNF:5
FNH:0
FNDA:0,(anonymous_0)
FNDA:0,(anonymous_1)
FNDA:0,(anonymous_2)
FNDA:0,(anonymous_3)
FNDA:0,(anonymous_5)
DA:11,0
DA:14,0
DA:18,0
DA:22,0
LF:4
LH:0
BRF:0
BRH:0
end_of_record
TN:
SF:src/utils/csvParser.ts
FN:15,parseCSV
FN:16,(anonymous_1)
FN:27,(anonymous_2)
FN:42,serializeCSV
FN:64,(anonymous_4)
FN:66,(anonymous_5)
FN:71,(anonymous_6)
FN:82,parseCSVLine
FN:109,escapeCSV
FN:118,parseEntity
FN:122,(anonymous_10)
FN:123,(anonymous_11)
FN:129,(anonymous_12)
FN:135,(anonymous_13)
FNF:14
FNH:14
FNDA:19,parseCSV
FNDA:1038,(anonymous_1)
FNDA:9162,(anonymous_2)
FNDA:21,serializeCSV
FNDA:2042,(anonymous_4)
FNDA:1023,(anonymous_5)
FNDA:9189,(anonymous_6)
FNDA:1035,parseCSVLine
FNDA:6126,escapeCSV
FNDA:1018,parseEntity
FNDA:2031,(anonymous_10)
FNDA:2031,(anonymous_11)
FNDA:1016,(anonymous_12)
FNDA:3047,(anonymous_13)
DA:15,1
DA:16,1038
DA:17,19
DA:19,17
DA:20,17
DA:22,17
DA:23,1018
DA:24,1018
DA:26,1018
DA:27,1018
DA:28,9162
DA:31,1018
DA:34,17
DA:42,1
DA:43,21
DA:55,21
DA:57,21
DA:58,1021
DA:64,2042
DA:66,1023
DA:71,9189
DA:74,21
DA:83,1035
DA:84,1035
DA:85,1035
DA:87,1035
DA:88,129134
DA:90,129134
DA:91,18332
DA:92,110802
DA:93,8280
DA:94,8280
DA:96,102522
DA:100,1035
DA:101,1035
DA:110,6126
DA:119,1018
DA:122,2031
DA:123,2031
DA:126,1018
DA:130,1016
DA:131,1016
DA:132,1016
DA:133,1016
DA:135,3047
DA:140,1018
LF:46
LH:46
BRDA:17,0,0,2
BRDA:19,1,0,17
BRDA:19,1,1,0
BRDA:19,2,0,17
BRDA:19,2,1,17
BRDA:23,3,0,1018
BRDA:23,3,1,0
BRDA:23,4,0,1018
BRDA:23,4,1,1018
BRDA:24,5,0,0
BRDA:28,6,0,9162
BRDA:28,6,1,18
BRDA:61,7,0,1020
BRDA:61,7,1,1
BRDA:63,8,0,1020
BRDA:63,8,1,1
BRDA:90,9,0,18332
BRDA:90,9,1,110802
BRDA:92,10,0,8280
BRDA:92,10,1,102522
BRDA:92,11,0,110802
BRDA:92,11,1,10313
BRDA:119,12,0,1014
BRDA:119,12,1,4
BRDA:126,13,0,1014
BRDA:126,13,1,4
BRDA:131,14,0,1016
BRDA:131,14,1,0
BRDA:132,15,0,1016
BRDA:132,15,1,0
BRDA:135,16,0,1016
BRDA:135,16,1,0
BRDA:141,17,0,1018
BRDA:141,17,1,0
BRDA:141,18,0,1018
BRDA:141,18,1,1018
BRDA:142,19,0,1018
BRDA:142,19,1,0
BRDA:142,20,0,1018
BRDA:142,20,1,1018
BRDA:143,21,0,1014
BRDA:143,21,1,4
BRDA:143,22,0,1018
BRDA:143,22,1,1014
BRDA:144,23,0,1018
BRDA:144,23,1,2
BRDA:144,24,0,1018
BRDA:144,24,1,0
BRDA:144,25,0,1018
BRDA:144,25,1,1018
BRDA:146,26,0,1013
BRDA:146,26,1,5
BRDA:146,27,0,1018
BRDA:146,27,1,1013
BRDA:148,28,0,1018
BRDA:148,28,1,3
BRDA:148,29,0,1018
BRDA:148,29,1,0
BRDA:148,30,0,1018
BRDA:148,30,1,1018
BRDA:149,31,0,1018
BRDA:149,31,1,3
BRDA:149,32,0,1018
BRDA:149,32,1,0
BRDA:149,33,0,1018
BRDA:149,33,1,1018
BRF:66
BRH:55
end_of_record
TN:
SF:src/utils/helpers.ts
FN:8,formatDate
FN:15,formatTimestamp
FN:22,sanitizeFilename
FN:32,deepClone
FN:39,capitalize
FNF:5
FNH:0
FNDA:0,formatDate
FNDA:0,formatTimestamp
FNDA:0,sanitizeFilename
FNDA:0,deepClone
FNDA:0,capitalize
DA:9,0
DA:16,0
DA:23,0
DA:33,0
DA:40,0
LF:5
LH:0
BRF:0
BRH:0
end_of_record
TN:
SF:src/utils/idGenerator.ts
FN:14,hashTerm
FN:32,generateEntityId
FN:44,isValidEntityId
FN:53,getHashFromId
FN:63,getSeqFromId
FNF:5
FNH:5
FNDA:33,hashTerm
FNDA:21,generateEntityId
FNDA:13,isValidEntityId
FNDA:6,getHashFromId
FNDA:6,getSeqFromId
DA:14,1
DA:15,33
DA:17,33
DA:18,33
DA:19,1210
DA:20,1210
DA:23,33
DA:32,1
DA:33,21
DA:34,21
DA:35,21
DA:36,21
DA:44,1
DA:45,13
DA:53,1
DA:54,6
DA:55,6
DA:63,1
DA:64,6
DA:65,6
LF:20
LH:20
BRDA:33,0,0,19
BRDA:33,0,1,2
BRDA:33,1,0,21
BRDA:33,1,1,21
BRDA:55,2,0,3
BRDA:55,2,1,3
BRDA:55,3,0,6
BRDA:55,3,1,6
BRDA:55,4,0,3
BRDA:55,4,1,3
BRDA:55,5,0,6
BRDA:55,5,1,3
BRDA:65,6,0,3
BRDA:65,6,1,3
BRDA:65,7,0,6
BRDA:65,7,1,6
BRDA:65,8,0,3
BRDA:65,8,1,3
BRDA:65,9,0,6
BRDA:65,9,1,3
BRF:20
BRH:20
end_of_record
TN:
SF:src/utils/validators.ts
FN:14,validateEntity
FN:43,validateSettings
FN:64,isValidFolderPath
FN:73,isValidMarkdownFilename
FNF:4
FNH:0
FNDA:0,validateEntity
FNDA:0,validateSettings
FNDA:0,isValidFolderPath
FNDA:0,isValidMarkdownFilename
DA:15,0
DA:16,0
DA:19,0
DA:20,0
DA:23,0
DA:24,0
DA:27,0
DA:28,0
DA:31,0
DA:32,0
DA:35,0
DA:44,0
DA:45,0
DA:48,0
DA:49,0
DA:52,0
DA:53,0
DA:56,0
DA:65,0
DA:74,0
LF:20
LH:0
BRDA:15,0,0,0
BRDA:15,1,0,0
BRDA:15,1,1,0
BRDA:19,2,0,0
BRDA:19,3,0,0
BRDA:19,3,1,0
BRDA:23,4,0,0
BRDA:23,5,0,0
BRDA:23,5,1,0
BRDA:27,6,0,0
BRDA:31,7,0,0
BRDA:44,8,0,0
BRDA:44,9,0,0
BRDA:44,9,1,0
BRDA:48,10,0,0
BRDA:48,11,0,0
BRDA:48,11,1,0
BRDA:52,12,0,0
BRDA:65,13,0,0
BRDA:65,13,1,0
BRF:20
BRH:0
end_of_record
TN:
SF:src/utils/wikilinker.ts
FN:15,injectWikilinks
FN:19,(anonymous_1)
FN:34,linkAllOccurrences
FN:40,(anonymous_3)
FN:56,isTermWikilinked
FN:66,extractWikilinks
FNF:6
FNH:0
FNDA:0,injectWikilinks
FNDA:0,(anonymous_1)
FNDA:0,linkAllOccurrences
FNDA:0,(anonymous_3)
FNDA:0,isTermWikilinked
FNDA:0,extractWikilinks
DA:16,0
DA:19,0
DA:21,0
DA:22,0
DA:25,0
DA:37,0
DA:38,0
DA:40,0
DA:42,0
DA:43,0
DA:44,0
DA:46,0
DA:57,0
DA:58,0
DA:67,0
DA:68,0
DA:71,0
DA:72,0
DA:75,0
LF:19
LH:0
BRDA:43,0,0,0
BRDA:43,1,0,0
BRDA:43,1,1,0
BRDA:43,1,2,0
BRDA:72,2,0,0
BRDA:72,2,1,0
BRDA:72,3,0,0
BRDA:72,3,1,0
BRDA:72,4,0,0
BRDA:72,4,1,0
BRDA:72,5,0,0
BRDA:72,5,1,0
BRF:12
BRH:0
end_of_record
